running egg_info
creating ../../build/project1/project1.egg-info
writing ../../build/project1/project1.egg-info/PKG-INFO
writing dependency_links to ../../build/project1/project1.egg-info/dependency_links.txt
writing entry points to ../../build/project1/project1.egg-info/entry_points.txt
writing requirements to ../../build/project1/project1.egg-info/requires.txt
writing top-level names to ../../build/project1/project1.egg-info/top_level.txt
writing manifest file '../../build/project1/project1.egg-info/SOURCES.txt'
reading manifest file '../../build/project1/project1.egg-info/SOURCES.txt'
writing manifest file '../../build/project1/project1.egg-info/SOURCES.txt'
running build
running build_py
creating /home/calpoly/gobilda/gobilda_ws/build/project1/build
creating /home/calpoly/gobilda/gobilda_ws/build/project1/build/lib
creating /home/calpoly/gobilda/gobilda_ws/build/project1/build/lib/project1
copying project1/__init__.py -> /home/calpoly/gobilda/gobilda_ws/build/project1/build/lib/project1
copying project1/roomba.py -> /home/calpoly/gobilda/gobilda_ws/build/project1/build/lib/project1
running install
running install_lib
creating /home/calpoly/gobilda/gobilda_ws/install/project1/lib/python3.10/site-packages/project1
copying /home/calpoly/gobilda/gobilda_ws/build/project1/build/lib/project1/__init__.py -> /home/calpoly/gobilda/gobilda_ws/install/project1/lib/python3.10/site-packages/project1
copying /home/calpoly/gobilda/gobilda_ws/build/project1/build/lib/project1/roomba.py -> /home/calpoly/gobilda/gobilda_ws/install/project1/lib/python3.10/site-packages/project1
byte-compiling /home/calpoly/gobilda/gobilda_ws/install/project1/lib/python3.10/site-packages/project1/__init__.py to __init__.cpython-310.pyc
byte-compiling /home/calpoly/gobilda/gobilda_ws/install/project1/lib/python3.10/site-packages/project1/roomba.py to roomba.cpython-310.pyc
running install_data
creating /home/calpoly/gobilda/gobilda_ws/install/project1/share/ament_index
creating /home/calpoly/gobilda/gobilda_ws/install/project1/share/ament_index/resource_index
creating /home/calpoly/gobilda/gobilda_ws/install/project1/share/ament_index/resource_index/packages
copying resource/project1 -> /home/calpoly/gobilda/gobilda_ws/install/project1/share/ament_index/resource_index/packages
copying package.xml -> /home/calpoly/gobilda/gobilda_ws/install/project1/share/project1
running install_egg_info
Copying ../../build/project1/project1.egg-info to /home/calpoly/gobilda/gobilda_ws/install/project1/lib/python3.10/site-packages/project1-0.0.0-py3.10.egg-info
running install_scripts
Installing roomba script to /home/calpoly/gobilda/gobilda_ws/install/project1/lib/project1
writing list of installed files to '/home/calpoly/gobilda/gobilda_ws/build/project1/install.log'
