running egg_info
creating ../../build/final_project/final_project.egg-info
writing ../../build/final_project/final_project.egg-info/PKG-INFO
writing dependency_links to ../../build/final_project/final_project.egg-info/dependency_links.txt
writing entry points to ../../build/final_project/final_project.egg-info/entry_points.txt
writing requirements to ../../build/final_project/final_project.egg-info/requires.txt
writing top-level names to ../../build/final_project/final_project.egg-info/top_level.txt
writing manifest file '../../build/final_project/final_project.egg-info/SOURCES.txt'
reading manifest file '../../build/final_project/final_project.egg-info/SOURCES.txt'
writing manifest file '../../build/final_project/final_project.egg-info/SOURCES.txt'
running build
running build_py
creating /home/calpoly/gobilda/gobilda_ws/build/final_project/build
creating /home/calpoly/gobilda/gobilda_ws/build/final_project/build/lib
creating /home/calpoly/gobilda/gobilda_ws/build/final_project/build/lib/final_project
copying final_project/__init__.py -> /home/calpoly/gobilda/gobilda_ws/build/final_project/build/lib/final_project
copying final_project/draw_square.py -> /home/calpoly/gobilda/gobilda_ws/build/final_project/build/lib/final_project
copying final_project/teleop_twist_keyboard.py -> /home/calpoly/gobilda/gobilda_ws/build/final_project/build/lib/final_project
running install
running install_lib
creating /home/calpoly/gobilda/gobilda_ws/install/final_project/lib/python3.10/site-packages/final_project
copying /home/calpoly/gobilda/gobilda_ws/build/final_project/build/lib/final_project/__init__.py -> /home/calpoly/gobilda/gobilda_ws/install/final_project/lib/python3.10/site-packages/final_project
copying /home/calpoly/gobilda/gobilda_ws/build/final_project/build/lib/final_project/draw_square.py -> /home/calpoly/gobilda/gobilda_ws/install/final_project/lib/python3.10/site-packages/final_project
copying /home/calpoly/gobilda/gobilda_ws/build/final_project/build/lib/final_project/teleop_twist_keyboard.py -> /home/calpoly/gobilda/gobilda_ws/install/final_project/lib/python3.10/site-packages/final_project
byte-compiling /home/calpoly/gobilda/gobilda_ws/install/final_project/lib/python3.10/site-packages/final_project/__init__.py to __init__.cpython-310.pyc
byte-compiling /home/calpoly/gobilda/gobilda_ws/install/final_project/lib/python3.10/site-packages/final_project/draw_square.py to draw_square.cpython-310.pyc
byte-compiling /home/calpoly/gobilda/gobilda_ws/install/final_project/lib/python3.10/site-packages/final_project/teleop_twist_keyboard.py to teleop_twist_keyboard.cpython-310.pyc
running install_data
creating /home/calpoly/gobilda/gobilda_ws/install/final_project/share/ament_index
creating /home/calpoly/gobilda/gobilda_ws/install/final_project/share/ament_index/resource_index
creating /home/calpoly/gobilda/gobilda_ws/install/final_project/share/ament_index/resource_index/packages
copying resource/final_project -> /home/calpoly/gobilda/gobilda_ws/install/final_project/share/ament_index/resource_index/packages
copying package.xml -> /home/calpoly/gobilda/gobilda_ws/install/final_project/share/final_project
running install_egg_info
Copying ../../build/final_project/final_project.egg-info to /home/calpoly/gobilda/gobilda_ws/install/final_project/lib/python3.10/site-packages/final_project-0.0.0-py3.10.egg-info
running install_scripts
Installing draw_square script to /home/calpoly/gobilda/gobilda_ws/install/final_project/lib/final_project
Installing teleop_gobilda script to /home/calpoly/gobilda/gobilda_ws/install/final_project/lib/final_project
writing list of installed files to '/home/calpoly/gobilda/gobilda_ws/build/final_project/install.log'
