[2.081s] Invoking command in '/home/calpoly/gobilda/gobilda_ws/src/final_project': PYTHONPATH=/home/calpoly/gobilda/gobilda_ws/build/final_project/prefix_override:/usr/lib/python3/dist-packages/colcon_core/task/python/colcon_distutils_commands:/home/calpoly/gobilda/gobilda_ws/install/final_project/lib/python3.10/site-packages:${PYTHONPATH} /usr/bin/python3 -W ignore:setup.py install is deprecated -W ignore:easy_install command is deprecated setup.py egg_info --egg-base ../../build/final_project build --build-base /home/calpoly/gobilda/gobilda_ws/build/final_project/build install --record /home/calpoly/gobilda/gobilda_ws/build/final_project/install.log --single-version-externally-managed install_data
[2.606s] running egg_info
[2.607s] creating ../../build/final_project/final_project.egg-info
[2.608s] writing ../../build/final_project/final_project.egg-info/PKG-INFO
[2.608s] writing dependency_links to ../../build/final_project/final_project.egg-info/dependency_links.txt
[2.608s] writing entry points to ../../build/final_project/final_project.egg-info/entry_points.txt
[2.609s] writing requirements to ../../build/final_project/final_project.egg-info/requires.txt
[2.609s] writing top-level names to ../../build/final_project/final_project.egg-info/top_level.txt
[2.609s] writing manifest file '../../build/final_project/final_project.egg-info/SOURCES.txt'
[2.613s] reading manifest file '../../build/final_project/final_project.egg-info/SOURCES.txt'
[2.615s] writing manifest file '../../build/final_project/final_project.egg-info/SOURCES.txt'
[2.615s] running build
[2.615s] running build_py
[2.615s] creating /home/calpoly/gobilda/gobilda_ws/build/final_project/build
[2.616s] creating /home/calpoly/gobilda/gobilda_ws/build/final_project/build/lib
[2.616s] creating /home/calpoly/gobilda/gobilda_ws/build/final_project/build/lib/final_project
[2.616s] copying final_project/__init__.py -> /home/calpoly/gobilda/gobilda_ws/build/final_project/build/lib/final_project
[2.616s] copying final_project/draw_square.py -> /home/calpoly/gobilda/gobilda_ws/build/final_project/build/lib/final_project
[2.616s] copying final_project/teleop_twist_keyboard.py -> /home/calpoly/gobilda/gobilda_ws/build/final_project/build/lib/final_project
[2.617s] running install
[2.618s] running install_lib
[2.625s] creating /home/calpoly/gobilda/gobilda_ws/install/final_project/lib/python3.10/site-packages/final_project
[2.625s] copying /home/calpoly/gobilda/gobilda_ws/build/final_project/build/lib/final_project/__init__.py -> /home/calpoly/gobilda/gobilda_ws/install/final_project/lib/python3.10/site-packages/final_project
[2.625s] copying /home/calpoly/gobilda/gobilda_ws/build/final_project/build/lib/final_project/draw_square.py -> /home/calpoly/gobilda/gobilda_ws/install/final_project/lib/python3.10/site-packages/final_project
[2.625s] copying /home/calpoly/gobilda/gobilda_ws/build/final_project/build/lib/final_project/teleop_twist_keyboard.py -> /home/calpoly/gobilda/gobilda_ws/install/final_project/lib/python3.10/site-packages/final_project
[2.625s] byte-compiling /home/calpoly/gobilda/gobilda_ws/install/final_project/lib/python3.10/site-packages/final_project/__init__.py to __init__.cpython-310.pyc
[2.625s] byte-compiling /home/calpoly/gobilda/gobilda_ws/install/final_project/lib/python3.10/site-packages/final_project/draw_square.py to draw_square.cpython-310.pyc
[2.626s] byte-compiling /home/calpoly/gobilda/gobilda_ws/install/final_project/lib/python3.10/site-packages/final_project/teleop_twist_keyboard.py to teleop_twist_keyboard.cpython-310.pyc
[2.626s] running install_data
[2.627s] creating /home/calpoly/gobilda/gobilda_ws/install/final_project/share/ament_index
[2.627s] creating /home/calpoly/gobilda/gobilda_ws/install/final_project/share/ament_index/resource_index
[2.628s] creating /home/calpoly/gobilda/gobilda_ws/install/final_project/share/ament_index/resource_index/packages
[2.628s] copying resource/final_project -> /home/calpoly/gobilda/gobilda_ws/install/final_project/share/ament_index/resource_index/packages
[2.628s] copying package.xml -> /home/calpoly/gobilda/gobilda_ws/install/final_project/share/final_project
[2.628s] running install_egg_info
[2.645s] Copying ../../build/final_project/final_project.egg-info to /home/calpoly/gobilda/gobilda_ws/install/final_project/lib/python3.10/site-packages/final_project-0.0.0-py3.10.egg-info
[2.645s] running install_scripts
[2.681s] Installing draw_square script to /home/calpoly/gobilda/gobilda_ws/install/final_project/lib/final_project
[2.681s] Installing teleop_gobilda script to /home/calpoly/gobilda/gobilda_ws/install/final_project/lib/final_project
[2.682s] writing list of installed files to '/home/calpoly/gobilda/gobilda_ws/build/final_project/install.log'
[2.757s] Invoked command in '/home/calpoly/gobilda/gobilda_ws/src/final_project' returned '0': PYTHONPATH=/home/calpoly/gobilda/gobilda_ws/build/final_project/prefix_override:/usr/lib/python3/dist-packages/colcon_core/task/python/colcon_distutils_commands:/home/calpoly/gobilda/gobilda_ws/install/final_project/lib/python3.10/site-packages:${PYTHONPATH} /usr/bin/python3 -W ignore:setup.py install is deprecated -W ignore:easy_install command is deprecated setup.py egg_info --egg-base ../../build/final_project build --build-base /home/calpoly/gobilda/gobilda_ws/build/final_project/build install --record /home/calpoly/gobilda/gobilda_ws/build/final_project/install.log --single-version-externally-managed install_data
