[0.230s] DEBUG:colcon:Command line arguments: ['/usr/bin/colcon', 'build']
[0.230s] DEBUG:colcon:Parsed command line arguments: Namespace(log_base=None, log_level=None, verb_name='build', build_base='build', install_base='install', merge_install=False, symlink_install=False, test_result_base=None, continue_on_error=False, executor='parallel', parallel_workers=6, event_handlers=None, ignore_user_meta=False, metas=['./colcon.meta'], base_paths=['.'], packages_ignore=None, packages_ignore_regex=None, paths=None, packages_up_to=None, packages_up_to_regex=None, packages_above=None, packages_above_and_dependencies=None, packages_above_depth=None, packages_select_by_dep=None, packages_skip_by_dep=None, packages_skip_up_to=None, packages_select_build_failed=False, packages_skip_build_finished=False, packages_select_test_failures=False, packages_skip_test_passed=False, packages_select=None, packages_skip=None, packages_select_regex=None, packages_skip_regex=None, packages_start=None, packages_end=None, allow_overriding=[], cmake_args=None, cmake_target=None, cmake_target_skip_unavailable=False, cmake_clean_cache=False, cmake_clean_first=False, cmake_force_configure=False, ament_cmake_args=None, catkin_cmake_args=None, catkin_skip_building_tests=False, mixin_files=None, mixin=None, verb_parser=<colcon_mixin.mixin.mixin_argument.MixinArgumentDecorator object at 0xffffb5f8d6f0>, verb_extension=<colcon_core.verb.build.BuildVerb object at 0xffffb612ab90>, main=<bound method BuildVerb.main of <colcon_core.verb.build.BuildVerb object at 0xffffb612ab90>>, mixin_verb=('build',))
[0.594s] Level 1:colcon.colcon_core.package_discovery:discover_packages(colcon_meta) check parameters
[0.594s] Level 1:colcon.colcon_core.package_discovery:discover_packages(recursive) check parameters
[0.595s] Level 1:colcon.colcon_core.package_discovery:discover_packages(ignore) check parameters
[0.595s] Level 1:colcon.colcon_core.package_discovery:discover_packages(path) check parameters
[0.595s] Level 1:colcon.colcon_core.package_discovery:discover_packages(colcon_meta) discover
[0.595s] Level 1:colcon.colcon_core.package_discovery:discover_packages(recursive) discover
[0.595s] INFO:colcon.colcon_core.package_discovery:Crawling recursively for packages in '/home/calpoly/gobilda/gobilda_ws'
[0.595s] Level 1:colcon.colcon_core.package_identification:_identify(.) by extensions ['ignore', 'ignore_ament_install']
[0.595s] Level 1:colcon.colcon_core.package_identification:_identify(.) by extension 'ignore'
[0.595s] Level 1:colcon.colcon_core.package_identification:_identify(.) by extension 'ignore_ament_install'
[0.596s] Level 1:colcon.colcon_core.package_identification:_identify(.) by extensions ['colcon_pkg']
[0.596s] Level 1:colcon.colcon_core.package_identification:_identify(.) by extension 'colcon_pkg'
[0.596s] Level 1:colcon.colcon_core.package_identification:_identify(.) by extensions ['colcon_meta']
[0.596s] Level 1:colcon.colcon_core.package_identification:_identify(.) by extension 'colcon_meta'
[0.596s] Level 1:colcon.colcon_core.package_identification:_identify(.) by extensions ['ros']
[0.596s] Level 1:colcon.colcon_core.package_identification:_identify(.) by extension 'ros'
[0.618s] Level 1:colcon.colcon_core.package_identification:_identify(.) by extensions ['cmake', 'python']
[0.618s] Level 1:colcon.colcon_core.package_identification:_identify(.) by extension 'cmake'
[0.619s] Level 1:colcon.colcon_core.package_identification:_identify(.) by extension 'python'
[0.619s] Level 1:colcon.colcon_core.package_identification:_identify(.) by extensions ['python_setup_py']
[0.619s] Level 1:colcon.colcon_core.package_identification:_identify(.) by extension 'python_setup_py'
[0.619s] Level 1:colcon.colcon_core.package_identification:_identify(build) by extensions ['ignore', 'ignore_ament_install']
[0.619s] Level 1:colcon.colcon_core.package_identification:_identify(build) by extension 'ignore'
[0.619s] Level 1:colcon.colcon_core.package_identification:_identify(build) ignored
[0.620s] Level 1:colcon.colcon_core.package_identification:_identify(install) by extensions ['ignore', 'ignore_ament_install']
[0.620s] Level 1:colcon.colcon_core.package_identification:_identify(install) by extension 'ignore'
[0.620s] Level 1:colcon.colcon_core.package_identification:_identify(install) ignored
[0.620s] Level 1:colcon.colcon_core.package_identification:_identify(log) by extensions ['ignore', 'ignore_ament_install']
[0.620s] Level 1:colcon.colcon_core.package_identification:_identify(log) by extension 'ignore'
[0.620s] Level 1:colcon.colcon_core.package_identification:_identify(log) ignored
[0.621s] Level 1:colcon.colcon_core.package_identification:_identify(src) by extensions ['ignore', 'ignore_ament_install']
[0.621s] Level 1:colcon.colcon_core.package_identification:_identify(src) by extension 'ignore'
[0.621s] Level 1:colcon.colcon_core.package_identification:_identify(src) by extension 'ignore_ament_install'
[0.621s] Level 1:colcon.colcon_core.package_identification:_identify(src) by extensions ['colcon_pkg']
[0.621s] Level 1:colcon.colcon_core.package_identification:_identify(src) by extension 'colcon_pkg'
[0.621s] Level 1:colcon.colcon_core.package_identification:_identify(src) by extensions ['colcon_meta']
[0.621s] Level 1:colcon.colcon_core.package_identification:_identify(src) by extension 'colcon_meta'
[0.621s] Level 1:colcon.colcon_core.package_identification:_identify(src) by extensions ['ros']
[0.621s] Level 1:colcon.colcon_core.package_identification:_identify(src) by extension 'ros'
[0.622s] Level 1:colcon.colcon_core.package_identification:_identify(src) by extensions ['cmake', 'python']
[0.622s] Level 1:colcon.colcon_core.package_identification:_identify(src) by extension 'cmake'
[0.622s] Level 1:colcon.colcon_core.package_identification:_identify(src) by extension 'python'
[0.622s] Level 1:colcon.colcon_core.package_identification:_identify(src) by extensions ['python_setup_py']
[0.622s] Level 1:colcon.colcon_core.package_identification:_identify(src) by extension 'python_setup_py'
[0.622s] Level 1:colcon.colcon_core.package_identification:_identify(src/final_project) by extensions ['ignore', 'ignore_ament_install']
[0.622s] Level 1:colcon.colcon_core.package_identification:_identify(src/final_project) by extension 'ignore'
[0.622s] Level 1:colcon.colcon_core.package_identification:_identify(src/final_project) by extension 'ignore_ament_install'
[0.623s] Level 1:colcon.colcon_core.package_identification:_identify(src/final_project) by extensions ['colcon_pkg']
[0.623s] Level 1:colcon.colcon_core.package_identification:_identify(src/final_project) by extension 'colcon_pkg'
[0.623s] Level 1:colcon.colcon_core.package_identification:_identify(src/final_project) by extensions ['colcon_meta']
[0.623s] Level 1:colcon.colcon_core.package_identification:_identify(src/final_project) by extension 'colcon_meta'
[0.623s] Level 1:colcon.colcon_core.package_identification:_identify(src/final_project) by extensions ['ros']
[0.623s] Level 1:colcon.colcon_core.package_identification:_identify(src/final_project) by extension 'ros'
[0.628s] DEBUG:colcon.colcon_core.package_identification:Package 'src/final_project' with type 'ros.ament_python' and name 'final_project'
[0.628s] Level 1:colcon.colcon_core.package_identification:_identify(src/gobilda_robot) by extensions ['ignore', 'ignore_ament_install']
[0.628s] Level 1:colcon.colcon_core.package_identification:_identify(src/gobilda_robot) by extension 'ignore'
[0.628s] Level 1:colcon.colcon_core.package_identification:_identify(src/gobilda_robot) by extension 'ignore_ament_install'
[0.628s] Level 1:colcon.colcon_core.package_identification:_identify(src/gobilda_robot) by extensions ['colcon_pkg']
[0.629s] Level 1:colcon.colcon_core.package_identification:_identify(src/gobilda_robot) by extension 'colcon_pkg'
[0.629s] Level 1:colcon.colcon_core.package_identification:_identify(src/gobilda_robot) by extensions ['colcon_meta']
[0.629s] Level 1:colcon.colcon_core.package_identification:_identify(src/gobilda_robot) by extension 'colcon_meta'
[0.629s] Level 1:colcon.colcon_core.package_identification:_identify(src/gobilda_robot) by extensions ['ros']
[0.629s] Level 1:colcon.colcon_core.package_identification:_identify(src/gobilda_robot) by extension 'ros'
[0.631s] DEBUG:colcon.colcon_core.package_identification:Package 'src/gobilda_robot' with type 'ros.ament_cmake' and name 'gobilda_robot'
[0.631s] Level 1:colcon.colcon_core.package_identification:_identify(src/project1) by extensions ['ignore', 'ignore_ament_install']
[0.631s] Level 1:colcon.colcon_core.package_identification:_identify(src/project1) by extension 'ignore'
[0.631s] Level 1:colcon.colcon_core.package_identification:_identify(src/project1) by extension 'ignore_ament_install'
[0.632s] Level 1:colcon.colcon_core.package_identification:_identify(src/project1) by extensions ['colcon_pkg']
[0.632s] Level 1:colcon.colcon_core.package_identification:_identify(src/project1) by extension 'colcon_pkg'
[0.632s] Level 1:colcon.colcon_core.package_identification:_identify(src/project1) by extensions ['colcon_meta']
[0.632s] Level 1:colcon.colcon_core.package_identification:_identify(src/project1) by extension 'colcon_meta'
[0.632s] Level 1:colcon.colcon_core.package_identification:_identify(src/project1) by extensions ['ros']
[0.632s] Level 1:colcon.colcon_core.package_identification:_identify(src/project1) by extension 'ros'
[0.633s] DEBUG:colcon.colcon_core.package_identification:Package 'src/project1' with type 'ros.ament_python' and name 'project1'
[0.633s] Level 1:colcon.colcon_core.package_identification:_identify(src/project_one) by extensions ['ignore', 'ignore_ament_install']
[0.633s] Level 1:colcon.colcon_core.package_identification:_identify(src/project_one) by extension 'ignore'
[0.633s] Level 1:colcon.colcon_core.package_identification:_identify(src/project_one) by extension 'ignore_ament_install'
[0.634s] Level 1:colcon.colcon_core.package_identification:_identify(src/project_one) by extensions ['colcon_pkg']
[0.634s] Level 1:colcon.colcon_core.package_identification:_identify(src/project_one) by extension 'colcon_pkg'
[0.634s] Level 1:colcon.colcon_core.package_identification:_identify(src/project_one) by extensions ['colcon_meta']
[0.634s] Level 1:colcon.colcon_core.package_identification:_identify(src/project_one) by extension 'colcon_meta'
[0.634s] Level 1:colcon.colcon_core.package_identification:_identify(src/project_one) by extensions ['ros']
[0.634s] Level 1:colcon.colcon_core.package_identification:_identify(src/project_one) by extension 'ros'
[0.635s] DEBUG:colcon.colcon_core.package_identification:Package 'src/project_one' with type 'ros.ament_python' and name 'project_one'
[0.635s] Level 1:colcon.colcon_core.package_identification:_identify(src/rplidar_ros) by extensions ['ignore', 'ignore_ament_install']
[0.636s] Level 1:colcon.colcon_core.package_identification:_identify(src/rplidar_ros) by extension 'ignore'
[0.636s] Level 1:colcon.colcon_core.package_identification:_identify(src/rplidar_ros) by extension 'ignore_ament_install'
[0.636s] Level 1:colcon.colcon_core.package_identification:_identify(src/rplidar_ros) by extensions ['colcon_pkg']
[0.636s] Level 1:colcon.colcon_core.package_identification:_identify(src/rplidar_ros) by extension 'colcon_pkg'
[0.636s] Level 1:colcon.colcon_core.package_identification:_identify(src/rplidar_ros) by extensions ['colcon_meta']
[0.636s] Level 1:colcon.colcon_core.package_identification:_identify(src/rplidar_ros) by extension 'colcon_meta'
[0.636s] Level 1:colcon.colcon_core.package_identification:_identify(src/rplidar_ros) by extensions ['ros']
[0.636s] Level 1:colcon.colcon_core.package_identification:_identify(src/rplidar_ros) by extension 'ros'
[0.637s] DEBUG:colcon.colcon_core.package_identification:Package 'src/rplidar_ros' with type 'ros.ament_cmake' and name 'rplidar_ros'
[0.637s] Level 1:colcon.colcon_core.package_discovery:discover_packages(recursive) using defaults
[0.638s] Level 1:colcon.colcon_core.package_discovery:discover_packages(ignore) discover
[0.638s] Level 1:colcon.colcon_core.package_discovery:discover_packages(ignore) using defaults
[0.638s] Level 1:colcon.colcon_core.package_discovery:discover_packages(path) discover
[0.638s] Level 1:colcon.colcon_core.package_discovery:discover_packages(path) using defaults
[0.709s] Level 1:colcon.colcon_core.package_discovery:discover_packages(prefix_path) check parameters
[0.709s] Level 1:colcon.colcon_core.package_discovery:discover_packages(prefix_path) discover
[0.713s] DEBUG:colcon.colcon_installed_package_information.package_discovery:Found 5 installed packages in /home/calpoly/gobilda/gobilda_ws/install
[0.716s] DEBUG:colcon.colcon_installed_package_information.package_discovery:Found 298 installed packages in /opt/ros/humble
[0.719s] Level 1:colcon.colcon_core.package_discovery:discover_packages(prefix_path) using defaults
[0.800s] Level 5:colcon.colcon_core.verb:set package 'final_project' build argument 'cmake_args' from command line to 'None'
[0.800s] Level 5:colcon.colcon_core.verb:set package 'final_project' build argument 'cmake_target' from command line to 'None'
[0.800s] Level 5:colcon.colcon_core.verb:set package 'final_project' build argument 'cmake_target_skip_unavailable' from command line to 'False'
[0.800s] Level 5:colcon.colcon_core.verb:set package 'final_project' build argument 'cmake_clean_cache' from command line to 'False'
[0.800s] Level 5:colcon.colcon_core.verb:set package 'final_project' build argument 'cmake_clean_first' from command line to 'False'
[0.800s] Level 5:colcon.colcon_core.verb:set package 'final_project' build argument 'cmake_force_configure' from command line to 'False'
[0.801s] Level 5:colcon.colcon_core.verb:set package 'final_project' build argument 'ament_cmake_args' from command line to 'None'
[0.801s] Level 5:colcon.colcon_core.verb:set package 'final_project' build argument 'catkin_cmake_args' from command line to 'None'
[0.801s] Level 5:colcon.colcon_core.verb:set package 'final_project' build argument 'catkin_skip_building_tests' from command line to 'False'
[0.801s] DEBUG:colcon.colcon_core.verb:Building package 'final_project' with the following arguments: {'ament_cmake_args': None, 'build_base': '/home/calpoly/gobilda/gobilda_ws/build/final_project', 'catkin_cmake_args': None, 'catkin_skip_building_tests': False, 'cmake_args': None, 'cmake_clean_cache': False, 'cmake_clean_first': False, 'cmake_force_configure': False, 'cmake_target': None, 'cmake_target_skip_unavailable': False, 'install_base': '/home/calpoly/gobilda/gobilda_ws/install/final_project', 'merge_install': False, 'path': '/home/calpoly/gobilda/gobilda_ws/src/final_project', 'symlink_install': False, 'test_result_base': None}
[0.801s] Level 5:colcon.colcon_core.verb:set package 'gobilda_robot' build argument 'cmake_args' from command line to 'None'
[0.801s] Level 5:colcon.colcon_core.verb:set package 'gobilda_robot' build argument 'cmake_target' from command line to 'None'
[0.802s] Level 5:colcon.colcon_core.verb:set package 'gobilda_robot' build argument 'cmake_target_skip_unavailable' from command line to 'False'
[0.802s] Level 5:colcon.colcon_core.verb:set package 'gobilda_robot' build argument 'cmake_clean_cache' from command line to 'False'
[0.802s] Level 5:colcon.colcon_core.verb:set package 'gobilda_robot' build argument 'cmake_clean_first' from command line to 'False'
[0.802s] Level 5:colcon.colcon_core.verb:set package 'gobilda_robot' build argument 'cmake_force_configure' from command line to 'False'
[0.802s] Level 5:colcon.colcon_core.verb:set package 'gobilda_robot' build argument 'ament_cmake_args' from command line to 'None'
[0.802s] Level 5:colcon.colcon_core.verb:set package 'gobilda_robot' build argument 'catkin_cmake_args' from command line to 'None'
[0.802s] Level 5:colcon.colcon_core.verb:set package 'gobilda_robot' build argument 'catkin_skip_building_tests' from command line to 'False'
[0.802s] DEBUG:colcon.colcon_core.verb:Building package 'gobilda_robot' with the following arguments: {'ament_cmake_args': None, 'build_base': '/home/calpoly/gobilda/gobilda_ws/build/gobilda_robot', 'catkin_cmake_args': None, 'catkin_skip_building_tests': False, 'cmake_args': None, 'cmake_clean_cache': False, 'cmake_clean_first': False, 'cmake_force_configure': False, 'cmake_target': None, 'cmake_target_skip_unavailable': False, 'install_base': '/home/calpoly/gobilda/gobilda_ws/install/gobilda_robot', 'merge_install': False, 'path': '/home/calpoly/gobilda/gobilda_ws/src/gobilda_robot', 'symlink_install': False, 'test_result_base': None}
[0.803s] Level 5:colcon.colcon_core.verb:set package 'project1' build argument 'cmake_args' from command line to 'None'
[0.803s] Level 5:colcon.colcon_core.verb:set package 'project1' build argument 'cmake_target' from command line to 'None'
[0.803s] Level 5:colcon.colcon_core.verb:set package 'project1' build argument 'cmake_target_skip_unavailable' from command line to 'False'
[0.803s] Level 5:colcon.colcon_core.verb:set package 'project1' build argument 'cmake_clean_cache' from command line to 'False'
[0.803s] Level 5:colcon.colcon_core.verb:set package 'project1' build argument 'cmake_clean_first' from command line to 'False'
[0.803s] Level 5:colcon.colcon_core.verb:set package 'project1' build argument 'cmake_force_configure' from command line to 'False'
[0.803s] Level 5:colcon.colcon_core.verb:set package 'project1' build argument 'ament_cmake_args' from command line to 'None'
[0.803s] Level 5:colcon.colcon_core.verb:set package 'project1' build argument 'catkin_cmake_args' from command line to 'None'
[0.803s] Level 5:colcon.colcon_core.verb:set package 'project1' build argument 'catkin_skip_building_tests' from command line to 'False'
[0.803s] DEBUG:colcon.colcon_core.verb:Building package 'project1' with the following arguments: {'ament_cmake_args': None, 'build_base': '/home/calpoly/gobilda/gobilda_ws/build/project1', 'catkin_cmake_args': None, 'catkin_skip_building_tests': False, 'cmake_args': None, 'cmake_clean_cache': False, 'cmake_clean_first': False, 'cmake_force_configure': False, 'cmake_target': None, 'cmake_target_skip_unavailable': False, 'install_base': '/home/calpoly/gobilda/gobilda_ws/install/project1', 'merge_install': False, 'path': '/home/calpoly/gobilda/gobilda_ws/src/project1', 'symlink_install': False, 'test_result_base': None}
[0.804s] Level 5:colcon.colcon_core.verb:set package 'rplidar_ros' build argument 'cmake_args' from command line to 'None'
[0.804s] Level 5:colcon.colcon_core.verb:set package 'rplidar_ros' build argument 'cmake_target' from command line to 'None'
[0.804s] Level 5:colcon.colcon_core.verb:set package 'rplidar_ros' build argument 'cmake_target_skip_unavailable' from command line to 'False'
[0.804s] Level 5:colcon.colcon_core.verb:set package 'rplidar_ros' build argument 'cmake_clean_cache' from command line to 'False'
[0.804s] Level 5:colcon.colcon_core.verb:set package 'rplidar_ros' build argument 'cmake_clean_first' from command line to 'False'
[0.804s] Level 5:colcon.colcon_core.verb:set package 'rplidar_ros' build argument 'cmake_force_configure' from command line to 'False'
[0.804s] Level 5:colcon.colcon_core.verb:set package 'rplidar_ros' build argument 'ament_cmake_args' from command line to 'None'
[0.804s] Level 5:colcon.colcon_core.verb:set package 'rplidar_ros' build argument 'catkin_cmake_args' from command line to 'None'
[0.804s] Level 5:colcon.colcon_core.verb:set package 'rplidar_ros' build argument 'catkin_skip_building_tests' from command line to 'False'
[0.804s] DEBUG:colcon.colcon_core.verb:Building package 'rplidar_ros' with the following arguments: {'ament_cmake_args': None, 'build_base': '/home/calpoly/gobilda/gobilda_ws/build/rplidar_ros', 'catkin_cmake_args': None, 'catkin_skip_building_tests': False, 'cmake_args': None, 'cmake_clean_cache': False, 'cmake_clean_first': False, 'cmake_force_configure': False, 'cmake_target': None, 'cmake_target_skip_unavailable': False, 'install_base': '/home/calpoly/gobilda/gobilda_ws/install/rplidar_ros', 'merge_install': False, 'path': '/home/calpoly/gobilda/gobilda_ws/src/rplidar_ros', 'symlink_install': False, 'test_result_base': None}
[0.805s] Level 5:colcon.colcon_core.verb:set package 'project_one' build argument 'cmake_args' from command line to 'None'
[0.805s] Level 5:colcon.colcon_core.verb:set package 'project_one' build argument 'cmake_target' from command line to 'None'
[0.805s] Level 5:colcon.colcon_core.verb:set package 'project_one' build argument 'cmake_target_skip_unavailable' from command line to 'False'
[0.805s] Level 5:colcon.colcon_core.verb:set package 'project_one' build argument 'cmake_clean_cache' from command line to 'False'
[0.805s] Level 5:colcon.colcon_core.verb:set package 'project_one' build argument 'cmake_clean_first' from command line to 'False'
[0.805s] Level 5:colcon.colcon_core.verb:set package 'project_one' build argument 'cmake_force_configure' from command line to 'False'
[0.805s] Level 5:colcon.colcon_core.verb:set package 'project_one' build argument 'ament_cmake_args' from command line to 'None'
[0.805s] Level 5:colcon.colcon_core.verb:set package 'project_one' build argument 'catkin_cmake_args' from command line to 'None'
[0.805s] Level 5:colcon.colcon_core.verb:set package 'project_one' build argument 'catkin_skip_building_tests' from command line to 'False'
[0.805s] DEBUG:colcon.colcon_core.verb:Building package 'project_one' with the following arguments: {'ament_cmake_args': None, 'build_base': '/home/calpoly/gobilda/gobilda_ws/build/project_one', 'catkin_cmake_args': None, 'catkin_skip_building_tests': False, 'cmake_args': None, 'cmake_clean_cache': False, 'cmake_clean_first': False, 'cmake_force_configure': False, 'cmake_target': None, 'cmake_target_skip_unavailable': False, 'install_base': '/home/calpoly/gobilda/gobilda_ws/install/project_one', 'merge_install': False, 'path': '/home/calpoly/gobilda/gobilda_ws/src/project_one', 'symlink_install': False, 'test_result_base': None}
[0.805s] INFO:colcon.colcon_core.executor:Executing jobs using 'parallel' executor
[0.808s] DEBUG:colcon.colcon_parallel_executor.executor.parallel:run_until_complete
[0.808s] INFO:colcon.colcon_ros.task.ament_cmake.build:Building ROS package in '/home/calpoly/gobilda/gobilda_ws/src/gobilda_robot' with build type 'ament_cmake'
[0.809s] INFO:colcon.colcon_cmake.task.cmake.build:Building CMake package in '/home/calpoly/gobilda/gobilda_ws/src/gobilda_robot'
[0.813s] INFO:colcon.colcon_core.plugin_system:Skipping extension 'colcon_core.shell.bat': Not used on non-Windows systems
[0.813s] INFO:colcon.colcon_core.shell:Skip shell extension 'powershell' for command environment: Not usable outside of PowerShell
[0.813s] DEBUG:colcon.colcon_core.shell:Skip shell extension 'dsv' for command environment
[0.820s] INFO:colcon.colcon_ros.task.ament_cmake.build:Building ROS package in '/home/calpoly/gobilda/gobilda_ws/src/rplidar_ros' with build type 'ament_cmake'
[0.820s] INFO:colcon.colcon_cmake.task.cmake.build:Building CMake package in '/home/calpoly/gobilda/gobilda_ws/src/rplidar_ros'
[0.821s] INFO:colcon.colcon_core.shell:Skip shell extension 'powershell' for command environment: Not usable outside of PowerShell
[0.821s] DEBUG:colcon.colcon_core.shell:Skip shell extension 'dsv' for command environment
[0.828s] INFO:colcon.colcon_ros.task.ament_python.build:Building ROS package in '/home/calpoly/gobilda/gobilda_ws/src/final_project' with build type 'ament_python'
[0.828s] Level 1:colcon.colcon_core.shell:create_environment_hook('final_project', 'ament_prefix_path')
[0.829s] INFO:colcon.colcon_core.shell:Creating environment hook '/home/calpoly/gobilda/gobilda_ws/install/final_project/share/final_project/hook/ament_prefix_path.ps1'
[0.830s] INFO:colcon.colcon_core.shell:Creating environment descriptor '/home/calpoly/gobilda/gobilda_ws/install/final_project/share/final_project/hook/ament_prefix_path.dsv'
[0.831s] INFO:colcon.colcon_core.shell:Creating environment hook '/home/calpoly/gobilda/gobilda_ws/install/final_project/share/final_project/hook/ament_prefix_path.sh'
[0.832s] INFO:colcon.colcon_core.shell:Skip shell extension 'powershell' for command environment: Not usable outside of PowerShell
[0.833s] DEBUG:colcon.colcon_core.shell:Skip shell extension 'dsv' for command environment
[0.839s] INFO:colcon.colcon_ros.task.ament_python.build:Building ROS package in '/home/calpoly/gobilda/gobilda_ws/src/project1' with build type 'ament_python'
[0.839s] Level 1:colcon.colcon_core.shell:create_environment_hook('project1', 'ament_prefix_path')
[0.840s] INFO:colcon.colcon_core.shell:Creating environment hook '/home/calpoly/gobilda/gobilda_ws/install/project1/share/project1/hook/ament_prefix_path.ps1'
[0.841s] INFO:colcon.colcon_core.shell:Creating environment descriptor '/home/calpoly/gobilda/gobilda_ws/install/project1/share/project1/hook/ament_prefix_path.dsv'
[0.842s] INFO:colcon.colcon_core.shell:Creating environment hook '/home/calpoly/gobilda/gobilda_ws/install/project1/share/project1/hook/ament_prefix_path.sh'
[0.843s] INFO:colcon.colcon_core.shell:Skip shell extension 'powershell' for command environment: Not usable outside of PowerShell
[0.843s] DEBUG:colcon.colcon_core.shell:Skip shell extension 'dsv' for command environment
[0.860s] DEBUG:colcon.colcon_core.event_handler.log_command:Invoking command in '/home/calpoly/gobilda/gobilda_ws/build/gobilda_robot': CMAKE_PREFIX_PATH=${CMAKE_PREFIX_PATH}:/home/calpoly/gobilda/gobilda_ws/install/project1:/home/calpoly/gobilda/gobilda_ws/install/final_project:/opt/ros/humble /usr/bin/cmake --build /home/calpoly/gobilda/gobilda_ws/build/gobilda_robot -- -j6 -l6
[0.867s] DEBUG:colcon.colcon_core.event_handler.log_command:Invoking command in '/home/calpoly/gobilda/gobilda_ws/build/rplidar_ros': CMAKE_PREFIX_PATH=${CMAKE_PREFIX_PATH}:/home/calpoly/gobilda/gobilda_ws/install/project1:/home/calpoly/gobilda/gobilda_ws/install/final_project:/opt/ros/humble /usr/bin/cmake --build /home/calpoly/gobilda/gobilda_ws/build/rplidar_ros -- -j6 -l6
[1.440s] INFO:colcon.colcon_core.task.python.build:Building Python package in '/home/calpoly/gobilda/gobilda_ws/src/final_project'
[1.441s] INFO:colcon.colcon_core.shell:Skip shell extension 'powershell' for command environment: Not usable outside of PowerShell
[1.441s] DEBUG:colcon.colcon_core.shell:Skip shell extension 'dsv' for command environment
[2.025s] INFO:colcon.colcon_core.task.python.build:Building Python package in '/home/calpoly/gobilda/gobilda_ws/src/project1'
[2.026s] INFO:colcon.colcon_core.shell:Skip shell extension 'powershell' for command environment: Not usable outside of PowerShell
[2.027s] DEBUG:colcon.colcon_core.shell:Skip shell extension 'dsv' for command environment
[3.030s] DEBUG:colcon.colcon_core.event_handler.log_command:Invoking command in '/home/calpoly/gobilda/gobilda_ws/src/project1': PYTHONPATH=/home/calpoly/gobilda/gobilda_ws/build/project1/prefix_override:/usr/lib/python3/dist-packages/colcon_core/task/python/colcon_distutils_commands:/home/calpoly/gobilda/gobilda_ws/install/project1/lib/python3.10/site-packages:${PYTHONPATH} /usr/bin/python3 -W ignore:setup.py install is deprecated -W ignore:easy_install command is deprecated setup.py egg_info --egg-base ../../build/project1 build --build-base /home/calpoly/gobilda/gobilda_ws/build/project1/build install --record /home/calpoly/gobilda/gobilda_ws/build/project1/install.log --single-version-externally-managed install_data
[4.126s] DEBUG:colcon.colcon_core.event_handler.log_command:Invoking command in '/home/calpoly/gobilda/gobilda_ws/src/final_project': PYTHONPATH=/home/calpoly/gobilda/gobilda_ws/build/final_project/prefix_override:/usr/lib/python3/dist-packages/colcon_core/task/python/colcon_distutils_commands:/home/calpoly/gobilda/gobilda_ws/install/final_project/lib/python3.10/site-packages:${PYTHONPATH} /usr/bin/python3 -W ignore:setup.py install is deprecated -W ignore:easy_install command is deprecated setup.py egg_info --egg-base ../../build/final_project build --build-base /home/calpoly/gobilda/gobilda_ws/build/final_project/build install --record /home/calpoly/gobilda/gobilda_ws/build/final_project/install.log --single-version-externally-managed install_data
[4.980s] DEBUG:colcon.colcon_core.event_handler.log_command:Invoked command in '/home/calpoly/gobilda/gobilda_ws/src/project1' returned '0': PYTHONPATH=/home/calpoly/gobilda/gobilda_ws/build/project1/prefix_override:/usr/lib/python3/dist-packages/colcon_core/task/python/colcon_distutils_commands:/home/calpoly/gobilda/gobilda_ws/install/project1/lib/python3.10/site-packages:${PYTHONPATH} /usr/bin/python3 -W ignore:setup.py install is deprecated -W ignore:easy_install command is deprecated setup.py egg_info --egg-base ../../build/project1 build --build-base /home/calpoly/gobilda/gobilda_ws/build/project1/build install --record /home/calpoly/gobilda/gobilda_ws/build/project1/install.log --single-version-externally-managed install_data
[4.986s] Level 1:colcon.colcon_core.environment:checking '/home/calpoly/gobilda/gobilda_ws/install/project1' for CMake module files
[4.987s] Level 1:colcon.colcon_core.environment:checking '/home/calpoly/gobilda/gobilda_ws/install/project1' for CMake config files
[4.989s] Level 1:colcon.colcon_core.environment:checking '/home/calpoly/gobilda/gobilda_ws/install/project1/lib'
[4.989s] Level 1:colcon.colcon_core.environment:checking '/home/calpoly/gobilda/gobilda_ws/install/project1/bin'
[4.990s] Level 1:colcon.colcon_core.environment:checking '/home/calpoly/gobilda/gobilda_ws/install/project1/lib/pkgconfig/project1.pc'
[4.990s] Level 1:colcon.colcon_core.environment:checking '/home/calpoly/gobilda/gobilda_ws/install/project1/lib/python3.10/site-packages'
[4.990s] Level 1:colcon.colcon_core.shell:create_environment_hook('project1', 'pythonpath')
[4.991s] INFO:colcon.colcon_core.shell:Creating environment hook '/home/calpoly/gobilda/gobilda_ws/install/project1/share/project1/hook/pythonpath.ps1'
[5.008s] INFO:colcon.colcon_core.shell:Creating environment descriptor '/home/calpoly/gobilda/gobilda_ws/install/project1/share/project1/hook/pythonpath.dsv'
[5.010s] INFO:colcon.colcon_core.shell:Creating environment hook '/home/calpoly/gobilda/gobilda_ws/install/project1/share/project1/hook/pythonpath.sh'
[5.011s] Level 1:colcon.colcon_core.environment:checking '/home/calpoly/gobilda/gobilda_ws/install/project1/bin'
[5.012s] Level 1:colcon.colcon_core.environment:create_environment_scripts_only(project1)
[5.012s] INFO:colcon.colcon_core.shell:Creating package script '/home/calpoly/gobilda/gobilda_ws/install/project1/share/project1/package.ps1'
[5.014s] INFO:colcon.colcon_core.shell:Creating package descriptor '/home/calpoly/gobilda/gobilda_ws/install/project1/share/project1/package.dsv'
[5.024s] INFO:colcon.colcon_core.shell:Creating package script '/home/calpoly/gobilda/gobilda_ws/install/project1/share/project1/package.sh'
[5.036s] INFO:colcon.colcon_core.shell:Creating package script '/home/calpoly/gobilda/gobilda_ws/install/project1/share/project1/package.bash'
[5.042s] INFO:colcon.colcon_core.shell:Creating package script '/home/calpoly/gobilda/gobilda_ws/install/project1/share/project1/package.zsh'
[5.044s] Level 1:colcon.colcon_core.environment:create_file_with_runtime_dependencies(/home/calpoly/gobilda/gobilda_ws/install/project1/share/colcon-core/packages/project1)
[6.121s] Level 1:colcon.colcon_core.environment:checking '/home/calpoly/gobilda/gobilda_ws/install/final_project' for CMake module files
[6.122s] Level 1:colcon.colcon_core.environment:checking '/home/calpoly/gobilda/gobilda_ws/install/final_project' for CMake config files
[6.123s] Level 1:colcon.colcon_core.environment:checking '/home/calpoly/gobilda/gobilda_ws/install/final_project/lib'
[6.123s] Level 1:colcon.colcon_core.environment:checking '/home/calpoly/gobilda/gobilda_ws/install/final_project/bin'
[6.124s] Level 1:colcon.colcon_core.environment:checking '/home/calpoly/gobilda/gobilda_ws/install/final_project/lib/pkgconfig/final_project.pc'
[6.124s] Level 1:colcon.colcon_core.environment:checking '/home/calpoly/gobilda/gobilda_ws/install/final_project/lib/python3.10/site-packages'
[6.124s] Level 1:colcon.colcon_core.shell:create_environment_hook('final_project', 'pythonpath')
[6.125s] INFO:colcon.colcon_core.shell:Creating environment hook '/home/calpoly/gobilda/gobilda_ws/install/final_project/share/final_project/hook/pythonpath.ps1'
[6.127s] INFO:colcon.colcon_core.shell:Creating environment descriptor '/home/calpoly/gobilda/gobilda_ws/install/final_project/share/final_project/hook/pythonpath.dsv'
[6.127s] INFO:colcon.colcon_core.shell:Creating environment hook '/home/calpoly/gobilda/gobilda_ws/install/final_project/share/final_project/hook/pythonpath.sh'
[6.128s] DEBUG:colcon.colcon_core.event_handler.log_command:Invoked command in '/home/calpoly/gobilda/gobilda_ws/src/final_project' returned '0': PYTHONPATH=/home/calpoly/gobilda/gobilda_ws/build/final_project/prefix_override:/usr/lib/python3/dist-packages/colcon_core/task/python/colcon_distutils_commands:/home/calpoly/gobilda/gobilda_ws/install/final_project/lib/python3.10/site-packages:${PYTHONPATH} /usr/bin/python3 -W ignore:setup.py install is deprecated -W ignore:easy_install command is deprecated setup.py egg_info --egg-base ../../build/final_project build --build-base /home/calpoly/gobilda/gobilda_ws/build/final_project/build install --record /home/calpoly/gobilda/gobilda_ws/build/final_project/install.log --single-version-externally-managed install_data
[6.130s] Level 1:colcon.colcon_core.environment:checking '/home/calpoly/gobilda/gobilda_ws/install/final_project/bin'
[6.130s] Level 1:colcon.colcon_core.environment:create_environment_scripts_only(final_project)
[6.131s] INFO:colcon.colcon_core.shell:Creating package script '/home/calpoly/gobilda/gobilda_ws/install/final_project/share/final_project/package.ps1'
[6.133s] INFO:colcon.colcon_core.shell:Creating package descriptor '/home/calpoly/gobilda/gobilda_ws/install/final_project/share/final_project/package.dsv'
[6.134s] INFO:colcon.colcon_core.shell:Creating package script '/home/calpoly/gobilda/gobilda_ws/install/final_project/share/final_project/package.sh'
[6.135s] INFO:colcon.colcon_core.shell:Creating package script '/home/calpoly/gobilda/gobilda_ws/install/final_project/share/final_project/package.bash'
[6.136s] INFO:colcon.colcon_core.shell:Creating package script '/home/calpoly/gobilda/gobilda_ws/install/final_project/share/final_project/package.zsh'
[6.137s] Level 1:colcon.colcon_core.environment:create_file_with_runtime_dependencies(/home/calpoly/gobilda/gobilda_ws/install/final_project/share/colcon-core/packages/final_project)
[19.338s] DEBUG:colcon.colcon_core.event_handler.log_command:Invoked command in '/home/calpoly/gobilda/gobilda_ws/build/gobilda_robot' returned '0': CMAKE_PREFIX_PATH=${CMAKE_PREFIX_PATH}:/home/calpoly/gobilda/gobilda_ws/install/project1:/home/calpoly/gobilda/gobilda_ws/install/final_project:/opt/ros/humble /usr/bin/cmake --build /home/calpoly/gobilda/gobilda_ws/build/gobilda_robot -- -j6 -l6
[19.364s] DEBUG:colcon.colcon_core.event_handler.log_command:Invoking command in '/home/calpoly/gobilda/gobilda_ws/build/gobilda_robot': CMAKE_PREFIX_PATH=${CMAKE_PREFIX_PATH}:/home/calpoly/gobilda/gobilda_ws/install/project1:/home/calpoly/gobilda/gobilda_ws/install/final_project:/opt/ros/humble /usr/bin/cmake --install /home/calpoly/gobilda/gobilda_ws/build/gobilda_robot
[19.420s] Level 1:colcon.colcon_core.environment:create_environment_scripts_only(gobilda_robot)
[19.421s] Level 1:colcon.colcon_core.environment:checking '/home/calpoly/gobilda/gobilda_ws/install/gobilda_robot' for CMake module files
[19.423s] Level 1:colcon.colcon_core.environment:checking '/home/calpoly/gobilda/gobilda_ws/install/gobilda_robot' for CMake config files
[19.423s] Level 1:colcon.colcon_core.shell:create_environment_hook('gobilda_robot', 'cmake_prefix_path')
[19.424s] INFO:colcon.colcon_core.shell:Creating environment hook '/home/calpoly/gobilda/gobilda_ws/install/gobilda_robot/share/gobilda_robot/hook/cmake_prefix_path.ps1'
[19.424s] DEBUG:colcon.colcon_core.event_handler.log_command:Invoked command in '/home/calpoly/gobilda/gobilda_ws/build/gobilda_robot' returned '0': CMAKE_PREFIX_PATH=${CMAKE_PREFIX_PATH}:/home/calpoly/gobilda/gobilda_ws/install/project1:/home/calpoly/gobilda/gobilda_ws/install/final_project:/opt/ros/humble /usr/bin/cmake --install /home/calpoly/gobilda/gobilda_ws/build/gobilda_robot
[19.429s] INFO:colcon.colcon_core.shell:Creating environment descriptor '/home/calpoly/gobilda/gobilda_ws/install/gobilda_robot/share/gobilda_robot/hook/cmake_prefix_path.dsv'
[19.430s] INFO:colcon.colcon_core.shell:Creating environment hook '/home/calpoly/gobilda/gobilda_ws/install/gobilda_robot/share/gobilda_robot/hook/cmake_prefix_path.sh'
[19.432s] Level 1:colcon.colcon_core.environment:checking '/home/calpoly/gobilda/gobilda_ws/install/gobilda_robot/lib'
[19.432s] Level 1:colcon.colcon_core.shell:create_environment_hook('gobilda_robot', 'ld_library_path_lib')
[19.433s] INFO:colcon.colcon_core.shell:Creating environment hook '/home/calpoly/gobilda/gobilda_ws/install/gobilda_robot/share/gobilda_robot/hook/ld_library_path_lib.ps1'
[19.434s] INFO:colcon.colcon_core.shell:Creating environment descriptor '/home/calpoly/gobilda/gobilda_ws/install/gobilda_robot/share/gobilda_robot/hook/ld_library_path_lib.dsv'
[19.434s] INFO:colcon.colcon_core.shell:Creating environment hook '/home/calpoly/gobilda/gobilda_ws/install/gobilda_robot/share/gobilda_robot/hook/ld_library_path_lib.sh'
[19.435s] Level 1:colcon.colcon_core.environment:checking '/home/calpoly/gobilda/gobilda_ws/install/gobilda_robot/bin'
[19.435s] Level 1:colcon.colcon_core.environment:checking '/home/calpoly/gobilda/gobilda_ws/install/gobilda_robot/lib/pkgconfig/gobilda_robot.pc'
[19.436s] Level 1:colcon.colcon_core.environment:checking '/home/calpoly/gobilda/gobilda_ws/install/gobilda_robot/lib/python3.10/site-packages'
[19.436s] Level 1:colcon.colcon_core.environment:checking '/home/calpoly/gobilda/gobilda_ws/install/gobilda_robot/bin'
[19.437s] INFO:colcon.colcon_core.shell:Creating package script '/home/calpoly/gobilda/gobilda_ws/install/gobilda_robot/share/gobilda_robot/package.ps1'
[19.438s] INFO:colcon.colcon_core.shell:Creating package descriptor '/home/calpoly/gobilda/gobilda_ws/install/gobilda_robot/share/gobilda_robot/package.dsv'
[19.439s] INFO:colcon.colcon_core.shell:Creating package script '/home/calpoly/gobilda/gobilda_ws/install/gobilda_robot/share/gobilda_robot/package.sh'
[19.449s] INFO:colcon.colcon_core.shell:Creating package script '/home/calpoly/gobilda/gobilda_ws/install/gobilda_robot/share/gobilda_robot/package.bash'
[19.450s] INFO:colcon.colcon_core.shell:Creating package script '/home/calpoly/gobilda/gobilda_ws/install/gobilda_robot/share/gobilda_robot/package.zsh'
[19.451s] Level 1:colcon.colcon_core.environment:create_file_with_runtime_dependencies(/home/calpoly/gobilda/gobilda_ws/install/gobilda_robot/share/colcon-core/packages/gobilda_robot)
[19.453s] Level 1:colcon.colcon_core.environment:create_environment_scripts_only(gobilda_robot)
[19.453s] Level 1:colcon.colcon_core.environment:checking '/home/calpoly/gobilda/gobilda_ws/install/gobilda_robot' for CMake module files
[19.454s] Level 1:colcon.colcon_core.environment:checking '/home/calpoly/gobilda/gobilda_ws/install/gobilda_robot' for CMake config files
[19.455s] Level 1:colcon.colcon_core.shell:create_environment_hook('gobilda_robot', 'cmake_prefix_path')
[19.455s] INFO:colcon.colcon_core.shell:Creating environment hook '/home/calpoly/gobilda/gobilda_ws/install/gobilda_robot/share/gobilda_robot/hook/cmake_prefix_path.ps1'
[19.456s] INFO:colcon.colcon_core.shell:Creating environment descriptor '/home/calpoly/gobilda/gobilda_ws/install/gobilda_robot/share/gobilda_robot/hook/cmake_prefix_path.dsv'
[19.457s] INFO:colcon.colcon_core.shell:Creating environment hook '/home/calpoly/gobilda/gobilda_ws/install/gobilda_robot/share/gobilda_robot/hook/cmake_prefix_path.sh'
[19.459s] Level 1:colcon.colcon_core.environment:checking '/home/calpoly/gobilda/gobilda_ws/install/gobilda_robot/lib'
[19.459s] Level 1:colcon.colcon_core.shell:create_environment_hook('gobilda_robot', 'ld_library_path_lib')
[19.479s] INFO:colcon.colcon_core.shell:Creating environment hook '/home/calpoly/gobilda/gobilda_ws/install/gobilda_robot/share/gobilda_robot/hook/ld_library_path_lib.ps1'
[19.483s] INFO:colcon.colcon_core.shell:Creating environment descriptor '/home/calpoly/gobilda/gobilda_ws/install/gobilda_robot/share/gobilda_robot/hook/ld_library_path_lib.dsv'
[19.485s] INFO:colcon.colcon_core.shell:Creating environment hook '/home/calpoly/gobilda/gobilda_ws/install/gobilda_robot/share/gobilda_robot/hook/ld_library_path_lib.sh'
[19.486s] Level 1:colcon.colcon_core.environment:checking '/home/calpoly/gobilda/gobilda_ws/install/gobilda_robot/bin'
[19.486s] Level 1:colcon.colcon_core.environment:checking '/home/calpoly/gobilda/gobilda_ws/install/gobilda_robot/lib/pkgconfig/gobilda_robot.pc'
[19.487s] Level 1:colcon.colcon_core.environment:checking '/home/calpoly/gobilda/gobilda_ws/install/gobilda_robot/lib/python3.10/site-packages'
[19.487s] Level 1:colcon.colcon_core.environment:checking '/home/calpoly/gobilda/gobilda_ws/install/gobilda_robot/bin'
[19.488s] INFO:colcon.colcon_core.shell:Creating package script '/home/calpoly/gobilda/gobilda_ws/install/gobilda_robot/share/gobilda_robot/package.ps1'
[19.490s] INFO:colcon.colcon_core.shell:Creating package descriptor '/home/calpoly/gobilda/gobilda_ws/install/gobilda_robot/share/gobilda_robot/package.dsv'
[19.491s] INFO:colcon.colcon_core.shell:Creating package script '/home/calpoly/gobilda/gobilda_ws/install/gobilda_robot/share/gobilda_robot/package.sh'
[19.492s] INFO:colcon.colcon_core.shell:Creating package script '/home/calpoly/gobilda/gobilda_ws/install/gobilda_robot/share/gobilda_robot/package.bash'
[19.494s] INFO:colcon.colcon_core.shell:Creating package script '/home/calpoly/gobilda/gobilda_ws/install/gobilda_robot/share/gobilda_robot/package.zsh'
[19.495s] Level 1:colcon.colcon_core.environment:create_file_with_runtime_dependencies(/home/calpoly/gobilda/gobilda_ws/install/gobilda_robot/share/colcon-core/packages/gobilda_robot)
[29.235s] DEBUG:colcon.colcon_core.event_handler.log_command:Invoked command in '/home/calpoly/gobilda/gobilda_ws/build/rplidar_ros' returned '0': CMAKE_PREFIX_PATH=${CMAKE_PREFIX_PATH}:/home/calpoly/gobilda/gobilda_ws/install/project1:/home/calpoly/gobilda/gobilda_ws/install/final_project:/opt/ros/humble /usr/bin/cmake --build /home/calpoly/gobilda/gobilda_ws/build/rplidar_ros -- -j6 -l6
[29.239s] DEBUG:colcon.colcon_core.event_handler.log_command:Invoking command in '/home/calpoly/gobilda/gobilda_ws/build/rplidar_ros': CMAKE_PREFIX_PATH=${CMAKE_PREFIX_PATH}:/home/calpoly/gobilda/gobilda_ws/install/project1:/home/calpoly/gobilda/gobilda_ws/install/final_project:/opt/ros/humble /usr/bin/cmake --install /home/calpoly/gobilda/gobilda_ws/build/rplidar_ros
[29.280s] Level 1:colcon.colcon_core.environment:create_environment_scripts_only(rplidar_ros)
[29.281s] Level 1:colcon.colcon_core.environment:checking '/home/calpoly/gobilda/gobilda_ws/install/rplidar_ros' for CMake module files
[29.282s] DEBUG:colcon.colcon_core.event_handler.log_command:Invoked command in '/home/calpoly/gobilda/gobilda_ws/build/rplidar_ros' returned '0': CMAKE_PREFIX_PATH=${CMAKE_PREFIX_PATH}:/home/calpoly/gobilda/gobilda_ws/install/project1:/home/calpoly/gobilda/gobilda_ws/install/final_project:/opt/ros/humble /usr/bin/cmake --install /home/calpoly/gobilda/gobilda_ws/build/rplidar_ros
[29.284s] Level 1:colcon.colcon_core.environment:checking '/home/calpoly/gobilda/gobilda_ws/install/rplidar_ros' for CMake config files
[29.285s] Level 1:colcon.colcon_core.shell:create_environment_hook('rplidar_ros', 'cmake_prefix_path')
[29.285s] INFO:colcon.colcon_core.shell:Creating environment hook '/home/calpoly/gobilda/gobilda_ws/install/rplidar_ros/share/rplidar_ros/hook/cmake_prefix_path.ps1'
[29.287s] INFO:colcon.colcon_core.shell:Creating environment descriptor '/home/calpoly/gobilda/gobilda_ws/install/rplidar_ros/share/rplidar_ros/hook/cmake_prefix_path.dsv'
[29.288s] INFO:colcon.colcon_core.shell:Creating environment hook '/home/calpoly/gobilda/gobilda_ws/install/rplidar_ros/share/rplidar_ros/hook/cmake_prefix_path.sh'
[29.290s] Level 1:colcon.colcon_core.environment:checking '/home/calpoly/gobilda/gobilda_ws/install/rplidar_ros/lib'
[29.291s] Level 1:colcon.colcon_core.environment:checking '/home/calpoly/gobilda/gobilda_ws/install/rplidar_ros/bin'
[29.291s] Level 1:colcon.colcon_core.environment:checking '/home/calpoly/gobilda/gobilda_ws/install/rplidar_ros/lib/pkgconfig/rplidar_ros.pc'
[29.292s] Level 1:colcon.colcon_core.environment:checking '/home/calpoly/gobilda/gobilda_ws/install/rplidar_ros/lib/python3.10/site-packages'
[29.293s] Level 1:colcon.colcon_core.environment:checking '/home/calpoly/gobilda/gobilda_ws/install/rplidar_ros/bin'
[29.294s] INFO:colcon.colcon_core.shell:Creating package script '/home/calpoly/gobilda/gobilda_ws/install/rplidar_ros/share/rplidar_ros/package.ps1'
[29.296s] INFO:colcon.colcon_core.shell:Creating package descriptor '/home/calpoly/gobilda/gobilda_ws/install/rplidar_ros/share/rplidar_ros/package.dsv'
[29.297s] INFO:colcon.colcon_core.shell:Creating package script '/home/calpoly/gobilda/gobilda_ws/install/rplidar_ros/share/rplidar_ros/package.sh'
[29.299s] INFO:colcon.colcon_core.shell:Creating package script '/home/calpoly/gobilda/gobilda_ws/install/rplidar_ros/share/rplidar_ros/package.bash'
[29.300s] INFO:colcon.colcon_core.shell:Creating package script '/home/calpoly/gobilda/gobilda_ws/install/rplidar_ros/share/rplidar_ros/package.zsh'
[29.301s] Level 1:colcon.colcon_core.environment:create_file_with_runtime_dependencies(/home/calpoly/gobilda/gobilda_ws/install/rplidar_ros/share/colcon-core/packages/rplidar_ros)
[29.303s] Level 1:colcon.colcon_core.environment:create_environment_scripts_only(rplidar_ros)
[29.304s] Level 1:colcon.colcon_core.environment:checking '/home/calpoly/gobilda/gobilda_ws/install/rplidar_ros' for CMake module files
[29.306s] Level 1:colcon.colcon_core.environment:checking '/home/calpoly/gobilda/gobilda_ws/install/rplidar_ros' for CMake config files
[29.307s] Level 1:colcon.colcon_core.shell:create_environment_hook('rplidar_ros', 'cmake_prefix_path')
[29.307s] INFO:colcon.colcon_core.shell:Creating environment hook '/home/calpoly/gobilda/gobilda_ws/install/rplidar_ros/share/rplidar_ros/hook/cmake_prefix_path.ps1'
[29.309s] INFO:colcon.colcon_core.shell:Creating environment descriptor '/home/calpoly/gobilda/gobilda_ws/install/rplidar_ros/share/rplidar_ros/hook/cmake_prefix_path.dsv'
[29.310s] INFO:colcon.colcon_core.shell:Creating environment hook '/home/calpoly/gobilda/gobilda_ws/install/rplidar_ros/share/rplidar_ros/hook/cmake_prefix_path.sh'
[29.312s] Level 1:colcon.colcon_core.environment:checking '/home/calpoly/gobilda/gobilda_ws/install/rplidar_ros/lib'
[29.312s] Level 1:colcon.colcon_core.environment:checking '/home/calpoly/gobilda/gobilda_ws/install/rplidar_ros/bin'
[29.313s] Level 1:colcon.colcon_core.environment:checking '/home/calpoly/gobilda/gobilda_ws/install/rplidar_ros/lib/pkgconfig/rplidar_ros.pc'
[29.314s] Level 1:colcon.colcon_core.environment:checking '/home/calpoly/gobilda/gobilda_ws/install/rplidar_ros/lib/python3.10/site-packages'
[29.314s] Level 1:colcon.colcon_core.environment:checking '/home/calpoly/gobilda/gobilda_ws/install/rplidar_ros/bin'
[29.315s] INFO:colcon.colcon_core.shell:Creating package script '/home/calpoly/gobilda/gobilda_ws/install/rplidar_ros/share/rplidar_ros/package.ps1'
[29.317s] INFO:colcon.colcon_core.shell:Creating package descriptor '/home/calpoly/gobilda/gobilda_ws/install/rplidar_ros/share/rplidar_ros/package.dsv'
[29.319s] INFO:colcon.colcon_core.shell:Creating package script '/home/calpoly/gobilda/gobilda_ws/install/rplidar_ros/share/rplidar_ros/package.sh'
[29.320s] INFO:colcon.colcon_core.shell:Creating package script '/home/calpoly/gobilda/gobilda_ws/install/rplidar_ros/share/rplidar_ros/package.bash'
[29.322s] INFO:colcon.colcon_core.shell:Creating package script '/home/calpoly/gobilda/gobilda_ws/install/rplidar_ros/share/rplidar_ros/package.zsh'
[29.324s] Level 1:colcon.colcon_core.environment:create_file_with_runtime_dependencies(/home/calpoly/gobilda/gobilda_ws/install/rplidar_ros/share/colcon-core/packages/rplidar_ros)
[29.325s] INFO:colcon.colcon_ros.task.ament_python.build:Building ROS package in '/home/calpoly/gobilda/gobilda_ws/src/project_one' with build type 'ament_python'
[29.325s] Level 1:colcon.colcon_core.shell:create_environment_hook('project_one', 'ament_prefix_path')
[29.327s] INFO:colcon.colcon_core.shell:Creating environment hook '/home/calpoly/gobilda/gobilda_ws/install/project_one/share/project_one/hook/ament_prefix_path.ps1'
[29.330s] INFO:colcon.colcon_core.shell:Creating environment descriptor '/home/calpoly/gobilda/gobilda_ws/install/project_one/share/project_one/hook/ament_prefix_path.dsv'
[29.331s] INFO:colcon.colcon_core.shell:Creating environment hook '/home/calpoly/gobilda/gobilda_ws/install/project_one/share/project_one/hook/ament_prefix_path.sh'
[29.334s] INFO:colcon.colcon_core.shell:Skip shell extension 'powershell' for command environment: Not usable outside of PowerShell
[29.334s] DEBUG:colcon.colcon_core.shell:Skip shell extension 'dsv' for command environment
[29.932s] INFO:colcon.colcon_core.task.python.build:Building Python package in '/home/calpoly/gobilda/gobilda_ws/src/project_one'
[29.933s] INFO:colcon.colcon_core.shell:Skip shell extension 'powershell' for command environment: Not usable outside of PowerShell
[29.934s] DEBUG:colcon.colcon_core.shell:Skip shell extension 'dsv' for command environment
[30.747s] DEBUG:colcon.colcon_core.event_handler.log_command:Invoking command in '/home/calpoly/gobilda/gobilda_ws/src/project_one': PYTHONPATH=/home/calpoly/gobilda/gobilda_ws/build/project_one/prefix_override:/usr/lib/python3/dist-packages/colcon_core/task/python/colcon_distutils_commands:/home/calpoly/gobilda/gobilda_ws/install/project_one/lib/python3.10/site-packages:${PYTHONPATH} /usr/bin/python3 -W ignore:setup.py install is deprecated -W ignore:easy_install command is deprecated setup.py egg_info --egg-base ../../build/project_one build --build-base /home/calpoly/gobilda/gobilda_ws/build/project_one/build install --record /home/calpoly/gobilda/gobilda_ws/build/project_one/install.log --single-version-externally-managed install_data
[31.404s] Level 1:colcon.colcon_core.environment:checking '/home/calpoly/gobilda/gobilda_ws/install/project_one' for CMake module files
[31.406s] DEBUG:colcon.colcon_core.event_handler.log_command:Invoked command in '/home/calpoly/gobilda/gobilda_ws/src/project_one' returned '0': PYTHONPATH=/home/calpoly/gobilda/gobilda_ws/build/project_one/prefix_override:/usr/lib/python3/dist-packages/colcon_core/task/python/colcon_distutils_commands:/home/calpoly/gobilda/gobilda_ws/install/project_one/lib/python3.10/site-packages:${PYTHONPATH} /usr/bin/python3 -W ignore:setup.py install is deprecated -W ignore:easy_install command is deprecated setup.py egg_info --egg-base ../../build/project_one build --build-base /home/calpoly/gobilda/gobilda_ws/build/project_one/build install --record /home/calpoly/gobilda/gobilda_ws/build/project_one/install.log --single-version-externally-managed install_data
[31.407s] Level 1:colcon.colcon_core.environment:checking '/home/calpoly/gobilda/gobilda_ws/install/project_one' for CMake config files
[31.409s] Level 1:colcon.colcon_core.environment:checking '/home/calpoly/gobilda/gobilda_ws/install/project_one/lib'
[31.410s] Level 1:colcon.colcon_core.environment:checking '/home/calpoly/gobilda/gobilda_ws/install/project_one/bin'
[31.410s] Level 1:colcon.colcon_core.environment:checking '/home/calpoly/gobilda/gobilda_ws/install/project_one/lib/pkgconfig/project_one.pc'
[31.411s] Level 1:colcon.colcon_core.environment:checking '/home/calpoly/gobilda/gobilda_ws/install/project_one/lib/python3.10/site-packages'
[31.411s] Level 1:colcon.colcon_core.shell:create_environment_hook('project_one', 'pythonpath')
[31.412s] INFO:colcon.colcon_core.shell:Creating environment hook '/home/calpoly/gobilda/gobilda_ws/install/project_one/share/project_one/hook/pythonpath.ps1'
[31.414s] INFO:colcon.colcon_core.shell:Creating environment descriptor '/home/calpoly/gobilda/gobilda_ws/install/project_one/share/project_one/hook/pythonpath.dsv'
[31.415s] INFO:colcon.colcon_core.shell:Creating environment hook '/home/calpoly/gobilda/gobilda_ws/install/project_one/share/project_one/hook/pythonpath.sh'
[31.417s] Level 1:colcon.colcon_core.environment:checking '/home/calpoly/gobilda/gobilda_ws/install/project_one/bin'
[31.417s] Level 1:colcon.colcon_core.environment:create_environment_scripts_only(project_one)
[31.418s] INFO:colcon.colcon_core.shell:Creating package script '/home/calpoly/gobilda/gobilda_ws/install/project_one/share/project_one/package.ps1'
[31.420s] INFO:colcon.colcon_core.shell:Creating package descriptor '/home/calpoly/gobilda/gobilda_ws/install/project_one/share/project_one/package.dsv'
[31.422s] INFO:colcon.colcon_core.shell:Creating package script '/home/calpoly/gobilda/gobilda_ws/install/project_one/share/project_one/package.sh'
[31.424s] INFO:colcon.colcon_core.shell:Creating package script '/home/calpoly/gobilda/gobilda_ws/install/project_one/share/project_one/package.bash'
[31.425s] INFO:colcon.colcon_core.shell:Creating package script '/home/calpoly/gobilda/gobilda_ws/install/project_one/share/project_one/package.zsh'
[31.426s] Level 1:colcon.colcon_core.environment:create_file_with_runtime_dependencies(/home/calpoly/gobilda/gobilda_ws/install/project_one/share/colcon-core/packages/project_one)
[31.427s] DEBUG:colcon.colcon_parallel_executor.executor.parallel:closing loop
[31.428s] DEBUG:colcon.colcon_parallel_executor.executor.parallel:loop closed
[31.429s] DEBUG:colcon.colcon_parallel_executor.executor.parallel:run_until_complete finished with '0'
[31.429s] DEBUG:colcon.colcon_core.event_reactor:joining thread
[31.448s] INFO:colcon.colcon_core.plugin_system:Skipping extension 'colcon_notification.desktop_notification.terminal_notifier': Not used on non-Darwin systems
[31.448s] INFO:colcon.colcon_core.plugin_system:Skipping extension 'colcon_notification.desktop_notification.win32': Not used on non-Windows systems
[31.449s] INFO:colcon.colcon_notification.desktop_notification:Sending desktop notification using 'notify2'
[31.460s] DEBUG:colcon.colcon_notification.desktop_notification.notify2:Failed to initialize notify2: org.freedesktop.DBus.Error.Spawn.ExecFailed: /usr/bin/dbus-launch terminated abnormally with the following error: Authorization required, but no authorization protocol specified
Autolaunch error: X11 initialization failed.

[31.461s] DEBUG:colcon.colcon_core.event_reactor:joined thread
[31.463s] INFO:colcon.colcon_core.shell:Creating prefix script '/home/calpoly/gobilda/gobilda_ws/install/local_setup.ps1'
[31.468s] INFO:colcon.colcon_core.shell:Creating prefix util module '/home/calpoly/gobilda/gobilda_ws/install/_local_setup_util_ps1.py'
[31.474s] INFO:colcon.colcon_core.shell:Creating prefix chain script '/home/calpoly/gobilda/gobilda_ws/install/setup.ps1'
[31.480s] INFO:colcon.colcon_core.shell:Creating prefix script '/home/calpoly/gobilda/gobilda_ws/install/local_setup.sh'
[31.482s] INFO:colcon.colcon_core.shell:Creating prefix util module '/home/calpoly/gobilda/gobilda_ws/install/_local_setup_util_sh.py'
[31.485s] INFO:colcon.colcon_core.shell:Creating prefix chain script '/home/calpoly/gobilda/gobilda_ws/install/setup.sh'
[31.490s] INFO:colcon.colcon_core.shell:Creating prefix script '/home/calpoly/gobilda/gobilda_ws/install/local_setup.bash'
[31.492s] INFO:colcon.colcon_core.shell:Creating prefix chain script '/home/calpoly/gobilda/gobilda_ws/install/setup.bash'
[31.495s] INFO:colcon.colcon_core.shell:Creating prefix script '/home/calpoly/gobilda/gobilda_ws/install/local_setup.zsh'
[31.497s] INFO:colcon.colcon_core.shell:Creating prefix chain script '/home/calpoly/gobilda/gobilda_ws/install/setup.zsh'
