[3.298s] Invoking command in '/home/calpoly/gobilda/gobilda_ws/src/final_project': PYTHONPATH=/home/calpoly/gobilda/gobilda_ws/build/final_project/prefix_override:/usr/lib/python3/dist-packages/colcon_core/task/python/colcon_distutils_commands:/home/calpoly/gobilda/gobilda_ws/install/final_project/lib/python3.10/site-packages:${PYTHONPATH} /usr/bin/python3 -W ignore:setup.py install is deprecated -W ignore:easy_install command is deprecated setup.py egg_info --egg-base ../../build/final_project build --build-base /home/calpoly/gobilda/gobilda_ws/build/final_project/build install --record /home/calpoly/gobilda/gobilda_ws/build/final_project/install.log --single-version-externally-managed install_data
[4.844s] running egg_info
[4.859s] writing ../../build/final_project/final_project.egg-info/PKG-INFO
[4.869s] writing dependency_links to ../../build/final_project/final_project.egg-info/dependency_links.txt
[4.870s] writing entry points to ../../build/final_project/final_project.egg-info/entry_points.txt
[4.877s] writing requirements to ../../build/final_project/final_project.egg-info/requires.txt
[4.878s] writing top-level names to ../../build/final_project/final_project.egg-info/top_level.txt
[4.883s] reading manifest file '../../build/final_project/final_project.egg-info/SOURCES.txt'
[4.900s] writing manifest file '../../build/final_project/final_project.egg-info/SOURCES.txt'
[4.900s] running build
[4.900s] running build_py
[4.901s] running install
[4.902s] running install_lib
[4.918s] byte-compiling /home/calpoly/gobilda/gobilda_ws/install/final_project/lib/python3.10/site-packages/final_project/__init__.py to __init__.cpython-310.pyc
[4.919s] byte-compiling /home/calpoly/gobilda/gobilda_ws/install/final_project/lib/python3.10/site-packages/final_project/draw_square.py to draw_square.cpython-310.pyc
[4.920s] byte-compiling /home/calpoly/gobilda/gobilda_ws/install/final_project/lib/python3.10/site-packages/final_project/teleop_twist_keyboard.py to teleop_twist_keyboard.cpython-310.pyc
[4.923s] running install_data
[4.924s] running install_egg_info
[4.948s] removing '/home/calpoly/gobilda/gobilda_ws/install/final_project/lib/python3.10/site-packages/final_project-0.0.0-py3.10.egg-info' (and everything under it)
[4.948s] Copying ../../build/final_project/final_project.egg-info to /home/calpoly/gobilda/gobilda_ws/install/final_project/lib/python3.10/site-packages/final_project-0.0.0-py3.10.egg-info
[4.948s] running install_scripts
[5.060s] Installing draw_square script to /home/calpoly/gobilda/gobilda_ws/install/final_project/lib/final_project
[5.061s] Installing teleop_gobilda script to /home/calpoly/gobilda/gobilda_ws/install/final_project/lib/final_project
[5.068s] writing list of installed files to '/home/calpoly/gobilda/gobilda_ws/build/final_project/install.log'
[5.300s] Invoked command in '/home/calpoly/gobilda/gobilda_ws/src/final_project' returned '0': PYTHONPATH=/home/calpoly/gobilda/gobilda_ws/build/final_project/prefix_override:/usr/lib/python3/dist-packages/colcon_core/task/python/colcon_distutils_commands:/home/calpoly/gobilda/gobilda_ws/install/final_project/lib/python3.10/site-packages:${PYTHONPATH} /usr/bin/python3 -W ignore:setup.py install is deprecated -W ignore:easy_install command is deprecated setup.py egg_info --egg-base ../../build/final_project build --build-base /home/calpoly/gobilda/gobilda_ws/build/final_project/build install --record /home/calpoly/gobilda/gobilda_ws/build/final_project/install.log --single-version-externally-managed install_data
