-- The C compiler identification is GNU 11.4.0
-- The CXX compiler identification is GNU 11.4.0
-- Detecting C compiler ABI info
-- Detecting C compiler ABI info - done
-- Check for working C compiler: /usr/bin/cc - skipped
-- Detecting C compile features
-- Detecting C compile features - done
-- Detecting CXX compiler ABI info
-- Detecting CXX compiler ABI info - done
-- Check for working CXX compiler: /usr/bin/c++ - skipped
-- Detecting CXX compile features
-- Detecting CXX compile features - done
-- Found ament_cmake: 1.3.11 (/opt/ros/humble/share/ament_cmake/cmake)
-- Found Python3: /usr/bin/python3 (found version "3.10.12") found components: Interpreter 
-- Found hardware_interface: 2.47.0 (/opt/ros/humble/share/hardware_interface/cmake)
-- Found rosidl_generator_c: 3.1.6 (/opt/ros/humble/share/rosidl_generator_c/cmake)
-- Found rosidl_adapter: 3.1.6 (/opt/ros/humble/share/rosidl_adapter/cmake)
-- Found rosidl_generator_cpp: 3.1.6 (/opt/ros/humble/share/rosidl_generator_cpp/cmake)
-- Using all available rosidl_typesupport_c: rosidl_typesupport_fastrtps_c;rosidl_typesupport_introspection_c
-- Using all available rosidl_typesupport_cpp: rosidl_typesupport_fastrtps_cpp;rosidl_typesupport_introspection_cpp
-- Found rmw_implementation_cmake: 6.1.2 (/opt/ros/humble/share/rmw_implementation_cmake/cmake)
-- Found rmw_fastrtps_cpp: 6.2.7 (/opt/ros/humble/share/rmw_fastrtps_cpp/cmake)
-- Found TinyXML2 via Config file: TinyXML2_DIR-NOTFOUND
-- Found OpenSSL: /usr/lib/aarch64-linux-gnu/libcrypto.so (found version "3.0.2")  
-- Found TinyXML2 via Config file: TinyXML2_DIR-NOTFOUND
-- Found FastRTPS: /opt/ros/humble/include  
-- Found TinyXML2 via Config file: TinyXML2_DIR-NOTFOUND
-- Found TinyXML2 via Config file: TinyXML2_DIR-NOTFOUND
-- Using RMW implementation 'rmw_fastrtps_cpp' as default
-- Looking for pthread.h
-- Looking for pthread.h - found
-- Performing Test CMAKE_HAVE_LIBC_PTHREAD
-- Performing Test CMAKE_HAVE_LIBC_PTHREAD - Success
-- Found Threads: TRUE  
-- Configuring done
-- Generating done
-- Build files have been written to: /home/calpoly/gobilda/gobilda_ws/build/gobilda_robot
-- Found ament_cmake: 1.3.11 (/opt/ros/humble/share/ament_cmake/cmake)
-- Found hardware_interface: 2.47.0 (/opt/ros/humble/share/hardware_interface/cmake)
-- Found rosidl_generator_c: 3.1.6 (/opt/ros/humble/share/rosidl_generator_c/cmake)
-- Found rosidl_adapter: 3.1.6 (/opt/ros/humble/share/rosidl_adapter/cmake)
-- Found rosidl_generator_cpp: 3.1.6 (/opt/ros/humble/share/rosidl_generator_cpp/cmake)
-- Using all available rosidl_typesupport_c: rosidl_typesupport_fastrtps_c;rosidl_typesupport_introspection_c
-- Using all available rosidl_typesupport_cpp: rosidl_typesupport_fastrtps_cpp;rosidl_typesupport_introspection_cpp
-- Found rmw_implementation_cmake: 6.1.2 (/opt/ros/humble/share/rmw_implementation_cmake/cmake)
-- Found rmw_fastrtps_cpp: 6.2.7 (/opt/ros/humble/share/rmw_fastrtps_cpp/cmake)
-- Found TinyXML2 via Config file: TinyXML2_DIR-NOTFOUND
-- Found TinyXML2 via Config file: TinyXML2_DIR-NOTFOUND
-- Found TinyXML2 via Config file: TinyXML2_DIR-NOTFOUND
-- Found TinyXML2 via Config file: TinyXML2_DIR-NOTFOUND
-- Using RMW implementation 'rmw_fastrtps_cpp' as default
-- Configuring done
-- Generating done
-- Build files have been written to: /home/calpoly/gobilda/gobilda_ws/build/gobilda_robot
[ 33%] [32mBuilding CXX object CMakeFiles/gobilda_robot.dir/hardware/src/gobilda_system.cpp.o[0m
[ 66%] [32mBuilding CXX object CMakeFiles/gobilda_robot.dir/hardware/src/motor.cpp.o[0m
[100%] [32m[1mLinking CXX shared library libgobilda_robot.so[0m
[100%] Built target gobilda_robot
-- Install configuration: ""
-- Installing: /home/calpoly/gobilda/gobilda_ws/install/gobilda_robot/share/gobilda_robot/gobilda_robot.xml
-- Installing: /home/calpoly/gobilda/gobilda_ws/install/gobilda_robot/include/gobilda_robot
-- Installing: /home/calpoly/gobilda/gobilda_ws/install/gobilda_robot/include/gobilda_robot/gobilda_robot
-- Installing: /home/calpoly/gobilda/gobilda_ws/install/gobilda_robot/include/gobilda_robot/gobilda_robot/gobilda_system.hpp
-- Installing: /home/calpoly/gobilda/gobilda_ws/install/gobilda_robot/include/gobilda_robot/gobilda_robot/motor.hpp
-- Installing: /home/calpoly/gobilda/gobilda_ws/install/gobilda_robot/share/gobilda_robot/ros2_control
-- Installing: /home/calpoly/gobilda/gobilda_ws/install/gobilda_robot/share/gobilda_robot/ros2_control/gobilda.ros2_control.xacro
-- Installing: /home/calpoly/gobilda/gobilda_ws/install/gobilda_robot/share/gobilda_robot/urdf
-- Installing: /home/calpoly/gobilda/gobilda_ws/install/gobilda_robot/share/gobilda_robot/urdf/gobilda.urdf.xacro
-- Installing: /home/calpoly/gobilda/gobilda_ws/install/gobilda_robot/share/gobilda_robot/urdf/gobilda_description.urdf.xacro
-- Installing: /home/calpoly/gobilda/gobilda_ws/install/gobilda_robot/share/gobilda_robot/launch
-- Installing: /home/calpoly/gobilda/gobilda_ws/install/gobilda_robot/share/gobilda_robot/launch/gobilda.launch.py
-- Installing: /home/calpoly/gobilda/gobilda_ws/install/gobilda_robot/share/gobilda_robot/config
-- Installing: /home/calpoly/gobilda/gobilda_ws/install/gobilda_robot/share/gobilda_robot/config/gobilda_controllers.yaml
-- Installing: /home/calpoly/gobilda/gobilda_ws/install/gobilda_robot/lib/libgobilda_robot.so
-- Set runtime path of "/home/calpoly/gobilda/gobilda_ws/install/gobilda_robot/lib/libgobilda_robot.so" to ""
-- Installing: /home/calpoly/gobilda/gobilda_ws/install/gobilda_robot/share/gobilda_robot/environment/library_path.sh
-- Installing: /home/calpoly/gobilda/gobilda_ws/install/gobilda_robot/share/gobilda_robot/environment/library_path.dsv
-- Installing: /home/calpoly/gobilda/gobilda_ws/install/gobilda_robot/share/ament_index/resource_index/package_run_dependencies/gobilda_robot
-- Installing: /home/calpoly/gobilda/gobilda_ws/install/gobilda_robot/share/ament_index/resource_index/parent_prefix_path/gobilda_robot
-- Installing: /home/calpoly/gobilda/gobilda_ws/install/gobilda_robot/share/gobilda_robot/environment/ament_prefix_path.sh
-- Installing: /home/calpoly/gobilda/gobilda_ws/install/gobilda_robot/share/gobilda_robot/environment/ament_prefix_path.dsv
-- Installing: /home/calpoly/gobilda/gobilda_ws/install/gobilda_robot/share/gobilda_robot/environment/path.sh
-- Installing: /home/calpoly/gobilda/gobilda_ws/install/gobilda_robot/share/gobilda_robot/environment/path.dsv
-- Installing: /home/calpoly/gobilda/gobilda_ws/install/gobilda_robot/share/gobilda_robot/local_setup.bash
-- Installing: /home/calpoly/gobilda/gobilda_ws/install/gobilda_robot/share/gobilda_robot/local_setup.sh
-- Installing: /home/calpoly/gobilda/gobilda_ws/install/gobilda_robot/share/gobilda_robot/local_setup.zsh
-- Installing: /home/calpoly/gobilda/gobilda_ws/install/gobilda_robot/share/gobilda_robot/local_setup.dsv
-- Installing: /home/calpoly/gobilda/gobilda_ws/install/gobilda_robot/share/gobilda_robot/package.dsv
-- Installing: /home/calpoly/gobilda/gobilda_ws/install/gobilda_robot/share/ament_index/resource_index/packages/gobilda_robot
-- Installing: /home/calpoly/gobilda/gobilda_ws/install/gobilda_robot/share/ament_index/resource_index/hardware_interface__pluginlib__plugin/gobilda_robot
-- Installing: /home/calpoly/gobilda/gobilda_ws/install/gobilda_robot/share/gobilda_robot/cmake/export_gobilda_robotExport.cmake
-- Installing: /home/calpoly/gobilda/gobilda_ws/install/gobilda_robot/share/gobilda_robot/cmake/export_gobilda_robotExport-noconfig.cmake
-- Installing: /home/calpoly/gobilda/gobilda_ws/install/gobilda_robot/share/gobilda_robot/cmake/ament_cmake_export_targets-extras.cmake
-- Installing: /home/calpoly/gobilda/gobilda_ws/install/gobilda_robot/share/gobilda_robot/cmake/ament_cmake_export_dependencies-extras.cmake
-- Installing: /home/calpoly/gobilda/gobilda_ws/install/gobilda_robot/share/gobilda_robot/cmake/gobilda_robotConfig.cmake
-- Installing: /home/calpoly/gobilda/gobilda_ws/install/gobilda_robot/share/gobilda_robot/cmake/gobilda_robotConfig-version.cmake
-- Installing: /home/calpoly/gobilda/gobilda_ws/install/gobilda_robot/share/gobilda_robot/package.xml
