[0.051s] Invoking command in '/home/calpoly/gobilda/gobilda_ws/build/gobilda_robot': CMAKE_PREFIX_PATH=${CMAKE_PREFIX_PATH}:/home/calpoly/gobilda/gobilda_ws/install/project1:/home/calpoly/gobilda/gobilda_ws/install/final_project:/opt/ros/humble /usr/bin/cmake --build /home/calpoly/gobilda/gobilda_ws/build/gobilda_robot -- -j6 -l6
[0.644s] -- Found ament_cmake: 1.3.11 (/opt/ros/humble/share/ament_cmake/cmake)
[0.644s] -- Found hardware_interface: 2.47.0 (/opt/ros/humble/share/hardware_interface/cmake)
[0.644s] -- Found rosidl_generator_c: 3.1.6 (/opt/ros/humble/share/rosidl_generator_c/cmake)
[0.645s] -- Found rosidl_adapter: 3.1.6 (/opt/ros/humble/share/rosidl_adapter/cmake)
[0.645s] -- Found rosidl_generator_cpp: 3.1.6 (/opt/ros/humble/share/rosidl_generator_cpp/cmake)
[0.645s] -- Using all available rosidl_typesupport_c: rosidl_typesupport_fastrtps_c;rosidl_typesupport_introspection_c
[0.645s] -- Using all available rosidl_typesupport_cpp: rosidl_typesupport_fastrtps_cpp;rosidl_typesupport_introspection_cpp
[0.832s] -- Found rmw_implementation_cmake: 6.1.2 (/opt/ros/humble/share/rmw_implementation_cmake/cmake)
[0.842s] -- Found rmw_fastrtps_cpp: 6.2.7 (/opt/ros/humble/share/rmw_fastrtps_cpp/cmake)
[0.871s] -- Found TinyXML2 via Config file: TinyXML2_DIR-NOTFOUND
[0.887s] -- Found TinyXML2 via Config file: TinyXML2_DIR-NOTFOUND
[0.917s] -- Found TinyXML2 via Config file: TinyXML2_DIR-NOTFOUND
[0.933s] -- Found TinyXML2 via Config file: TinyXML2_DIR-NOTFOUND
[0.962s] -- Using RMW implementation 'rmw_fastrtps_cpp' as default
[1.221s] -- Configuring done
[1.269s] -- Generating done
[1.282s] -- Build files have been written to: /home/calpoly/gobilda/gobilda_ws/build/gobilda_robot
[1.455s] [35m[1mConsolidate compiler generated dependencies of target gobilda_robot[0m
[1.506s] gmake[2]: Warning: File '/home/calpoly/gobilda/gobilda_ws/src/gobilda_robot/hardware/src/gobilda_system.cpp' has modification time 1738110072 s in the future
[1.599s] [ 33%] [32mBuilding CXX object CMakeFiles/gobilda_robot.dir/hardware/src/motor.cpp.o[0m
[1.600s] [ 66%] [32mBuilding CXX object CMakeFiles/gobilda_robot.dir/hardware/src/gobilda_system.cpp.o[0m
[18.029s] [100%] [32m[1mLinking CXX shared library libgobilda_robot.so[0m
[18.428s] gmake[2]: warning:  Clock skew detected.  Your build may be incomplete.
[18.481s] [100%] Built target gobilda_robot
[18.528s] Invoked command in '/home/calpoly/gobilda/gobilda_ws/build/gobilda_robot' returned '0': CMAKE_PREFIX_PATH=${CMAKE_PREFIX_PATH}:/home/calpoly/gobilda/gobilda_ws/install/project1:/home/calpoly/gobilda/gobilda_ws/install/final_project:/opt/ros/humble /usr/bin/cmake --build /home/calpoly/gobilda/gobilda_ws/build/gobilda_robot -- -j6 -l6
[18.555s] Invoking command in '/home/calpoly/gobilda/gobilda_ws/build/gobilda_robot': CMAKE_PREFIX_PATH=${CMAKE_PREFIX_PATH}:/home/calpoly/gobilda/gobilda_ws/install/project1:/home/calpoly/gobilda/gobilda_ws/install/final_project:/opt/ros/humble /usr/bin/cmake --install /home/calpoly/gobilda/gobilda_ws/build/gobilda_robot
[18.588s] -- Install configuration: ""
[18.588s] -- Up-to-date: /home/calpoly/gobilda/gobilda_ws/install/gobilda_robot/share/gobilda_robot/gobilda_robot.xml
[18.588s] -- Up-to-date: /home/calpoly/gobilda/gobilda_ws/install/gobilda_robot/include/gobilda_robot
[18.588s] -- Up-to-date: /home/calpoly/gobilda/gobilda_ws/install/gobilda_robot/include/gobilda_robot/gobilda_robot
[18.588s] -- Up-to-date: /home/calpoly/gobilda/gobilda_ws/install/gobilda_robot/include/gobilda_robot/gobilda_robot/gobilda_system.hpp
[18.589s] -- Up-to-date: /home/calpoly/gobilda/gobilda_ws/install/gobilda_robot/include/gobilda_robot/gobilda_robot/motor.hpp
[18.589s] -- Up-to-date: /home/calpoly/gobilda/gobilda_ws/install/gobilda_robot/share/gobilda_robot/ros2_control
[18.589s] -- Up-to-date: /home/calpoly/gobilda/gobilda_ws/install/gobilda_robot/share/gobilda_robot/ros2_control/gobilda.ros2_control.xacro
[18.589s] -- Up-to-date: /home/calpoly/gobilda/gobilda_ws/install/gobilda_robot/share/gobilda_robot/urdf
[18.589s] -- Up-to-date: /home/calpoly/gobilda/gobilda_ws/install/gobilda_robot/share/gobilda_robot/urdf/gobilda.urdf.xacro
[18.589s] -- Up-to-date: /home/calpoly/gobilda/gobilda_ws/install/gobilda_robot/share/gobilda_robot/urdf/gobilda_description.urdf.xacro
[18.589s] -- Up-to-date: /home/calpoly/gobilda/gobilda_ws/install/gobilda_robot/share/gobilda_robot/launch
[18.589s] -- Up-to-date: /home/calpoly/gobilda/gobilda_ws/install/gobilda_robot/share/gobilda_robot/launch/gobilda.launch.py
[18.590s] -- Up-to-date: /home/calpoly/gobilda/gobilda_ws/install/gobilda_robot/share/gobilda_robot/config
[18.590s] -- Up-to-date: /home/calpoly/gobilda/gobilda_ws/install/gobilda_robot/share/gobilda_robot/config/gobilda_controllers.yaml
[18.590s] -- Installing: /home/calpoly/gobilda/gobilda_ws/install/gobilda_robot/lib/libgobilda_robot.so
[18.591s] -- Set runtime path of "/home/calpoly/gobilda/gobilda_ws/install/gobilda_robot/lib/libgobilda_robot.so" to ""
[18.591s] -- Up-to-date: /home/calpoly/gobilda/gobilda_ws/install/gobilda_robot/share/gobilda_robot/environment/library_path.sh
[18.591s] -- Installing: /home/calpoly/gobilda/gobilda_ws/install/gobilda_robot/share/gobilda_robot/environment/library_path.dsv
[18.592s] -- Up-to-date: /home/calpoly/gobilda/gobilda_ws/install/gobilda_robot/share/ament_index/resource_index/package_run_dependencies/gobilda_robot
[18.592s] -- Installing: /home/calpoly/gobilda/gobilda_ws/install/gobilda_robot/share/ament_index/resource_index/parent_prefix_path/gobilda_robot
[18.592s] -- Up-to-date: /home/calpoly/gobilda/gobilda_ws/install/gobilda_robot/share/gobilda_robot/environment/ament_prefix_path.sh
[18.592s] -- Installing: /home/calpoly/gobilda/gobilda_ws/install/gobilda_robot/share/gobilda_robot/environment/ament_prefix_path.dsv
[18.592s] -- Up-to-date: /home/calpoly/gobilda/gobilda_ws/install/gobilda_robot/share/gobilda_robot/environment/path.sh
[18.593s] -- Installing: /home/calpoly/gobilda/gobilda_ws/install/gobilda_robot/share/gobilda_robot/environment/path.dsv
[18.593s] -- Up-to-date: /home/calpoly/gobilda/gobilda_ws/install/gobilda_robot/share/gobilda_robot/local_setup.bash
[18.593s] -- Up-to-date: /home/calpoly/gobilda/gobilda_ws/install/gobilda_robot/share/gobilda_robot/local_setup.sh
[18.593s] -- Up-to-date: /home/calpoly/gobilda/gobilda_ws/install/gobilda_robot/share/gobilda_robot/local_setup.zsh
[18.593s] -- Installing: /home/calpoly/gobilda/gobilda_ws/install/gobilda_robot/share/gobilda_robot/local_setup.dsv
[18.594s] -- Installing: /home/calpoly/gobilda/gobilda_ws/install/gobilda_robot/share/gobilda_robot/package.dsv
[18.594s] -- Up-to-date: /home/calpoly/gobilda/gobilda_ws/install/gobilda_robot/share/ament_index/resource_index/packages/gobilda_robot
[18.594s] -- Up-to-date: /home/calpoly/gobilda/gobilda_ws/install/gobilda_robot/share/ament_index/resource_index/hardware_interface__pluginlib__plugin/gobilda_robot
[18.594s] -- Up-to-date: /home/calpoly/gobilda/gobilda_ws/install/gobilda_robot/share/gobilda_robot/cmake/export_gobilda_robotExport.cmake
[18.594s] -- Up-to-date: /home/calpoly/gobilda/gobilda_ws/install/gobilda_robot/share/gobilda_robot/cmake/export_gobilda_robotExport-noconfig.cmake
[18.595s] -- Up-to-date: /home/calpoly/gobilda/gobilda_ws/install/gobilda_robot/share/gobilda_robot/cmake/ament_cmake_export_targets-extras.cmake
[18.595s] -- Up-to-date: /home/calpoly/gobilda/gobilda_ws/install/gobilda_robot/share/gobilda_robot/cmake/ament_cmake_export_dependencies-extras.cmake
[18.595s] -- Up-to-date: /home/calpoly/gobilda/gobilda_ws/install/gobilda_robot/share/gobilda_robot/cmake/gobilda_robotConfig.cmake
[18.595s] -- Up-to-date: /home/calpoly/gobilda/gobilda_ws/install/gobilda_robot/share/gobilda_robot/cmake/gobilda_robotConfig-version.cmake
[18.607s] -- Up-to-date: /home/calpoly/gobilda/gobilda_ws/install/gobilda_robot/share/gobilda_robot/package.xml
[18.615s] Invoked command in '/home/calpoly/gobilda/gobilda_ws/build/gobilda_robot' returned '0': CMAKE_PREFIX_PATH=${CMAKE_PREFIX_PATH}:/home/calpoly/gobilda/gobilda_ws/install/project1:/home/calpoly/gobilda/gobilda_ws/install/final_project:/opt/ros/humble /usr/bin/cmake --install /home/calpoly/gobilda/gobilda_ws/build/gobilda_robot
