[1.399s] Invoking command in '/home/calpoly/gobilda/gobilda_ws/src/project_one': PYTHONPATH=/home/calpoly/gobilda/gobilda_ws/build/project_one/prefix_override:/usr/lib/python3/dist-packages/colcon_core/task/python/colcon_distutils_commands:/home/calpoly/gobilda/gobilda_ws/install/project_one/lib/python3.10/site-packages:${PYTHONPATH} /usr/bin/python3 -W ignore:setup.py install is deprecated -W ignore:easy_install command is deprecated setup.py egg_info --egg-base ../../build/project_one build --build-base /home/calpoly/gobilda/gobilda_ws/build/project_one/build install --record /home/calpoly/gobilda/gobilda_ws/build/project_one/install.log --single-version-externally-managed install_data
[1.927s] running egg_info
[1.928s] creating ../../build/project_one/project_one.egg-info
[1.929s] writing ../../build/project_one/project_one.egg-info/PKG-INFO
[1.929s] writing dependency_links to ../../build/project_one/project_one.egg-info/dependency_links.txt
[1.929s] writing entry points to ../../build/project_one/project_one.egg-info/entry_points.txt
[1.930s] writing requirements to ../../build/project_one/project_one.egg-info/requires.txt
[1.930s] writing top-level names to ../../build/project_one/project_one.egg-info/top_level.txt
[1.930s] writing manifest file '../../build/project_one/project_one.egg-info/SOURCES.txt'
[1.933s] reading manifest file '../../build/project_one/project_one.egg-info/SOURCES.txt'
[1.935s] writing manifest file '../../build/project_one/project_one.egg-info/SOURCES.txt'
[1.936s] running build
[1.936s] running build_py
[1.937s] creating /home/calpoly/gobilda/gobilda_ws/build/project_one/build
[1.937s] creating /home/calpoly/gobilda/gobilda_ws/build/project_one/build/lib
[1.937s] creating /home/calpoly/gobilda/gobilda_ws/build/project_one/build/lib/project_one
[1.937s] copying project_one/__init__.py -> /home/calpoly/gobilda/gobilda_ws/build/project_one/build/lib/project_one
[1.938s] copying project_one/bump_and_go.py -> /home/calpoly/gobilda/gobilda_ws/build/project_one/build/lib/project_one
[1.938s] running install
[1.938s] running install_lib
[1.939s] creating /home/calpoly/gobilda/gobilda_ws/install/project_one/lib/python3.10/site-packages/project_one
[1.940s] copying /home/calpoly/gobilda/gobilda_ws/build/project_one/build/lib/project_one/__init__.py -> /home/calpoly/gobilda/gobilda_ws/install/project_one/lib/python3.10/site-packages/project_one
[1.940s] copying /home/calpoly/gobilda/gobilda_ws/build/project_one/build/lib/project_one/bump_and_go.py -> /home/calpoly/gobilda/gobilda_ws/install/project_one/lib/python3.10/site-packages/project_one
[1.942s] byte-compiling /home/calpoly/gobilda/gobilda_ws/install/project_one/lib/python3.10/site-packages/project_one/__init__.py to __init__.cpython-310.pyc
[1.942s] byte-compiling /home/calpoly/gobilda/gobilda_ws/install/project_one/lib/python3.10/site-packages/project_one/bump_and_go.py to bump_and_go.cpython-310.pyc
[1.944s] running install_data
[1.945s] creating /home/calpoly/gobilda/gobilda_ws/install/project_one/share/ament_index
[1.945s] creating /home/calpoly/gobilda/gobilda_ws/install/project_one/share/ament_index/resource_index
[1.945s] creating /home/calpoly/gobilda/gobilda_ws/install/project_one/share/ament_index/resource_index/packages
[1.946s] copying resource/project_one -> /home/calpoly/gobilda/gobilda_ws/install/project_one/share/ament_index/resource_index/packages
[1.946s] copying package.xml -> /home/calpoly/gobilda/gobilda_ws/install/project_one/share/project_one
[1.946s] running install_egg_info
[1.949s] Copying ../../build/project_one/project_one.egg-info to /home/calpoly/gobilda/gobilda_ws/install/project_one/lib/python3.10/site-packages/project_one-0.0.0-py3.10.egg-info
[1.951s] running install_scripts
[1.995s] Installing bump_and_go script to /home/calpoly/gobilda/gobilda_ws/install/project_one/lib/project_one
[1.995s] writing list of installed files to '/home/calpoly/gobilda/gobilda_ws/build/project_one/install.log'
[2.069s] Invoked command in '/home/calpoly/gobilda/gobilda_ws/src/project_one' returned '0': PYTHONPATH=/home/calpoly/gobilda/gobilda_ws/build/project_one/prefix_override:/usr/lib/python3/dist-packages/colcon_core/task/python/colcon_distutils_commands:/home/calpoly/gobilda/gobilda_ws/install/project_one/lib/python3.10/site-packages:${PYTHONPATH} /usr/bin/python3 -W ignore:setup.py install is deprecated -W ignore:easy_install command is deprecated setup.py egg_info --egg-base ../../build/project_one build --build-base /home/calpoly/gobilda/gobilda_ws/build/project_one/build install --record /home/calpoly/gobilda/gobilda_ws/build/project_one/install.log --single-version-externally-managed install_data
