running egg_info
writing ../../build/project_one/project_one.egg-info/PKG-INFO
writing dependency_links to ../../build/project_one/project_one.egg-info/dependency_links.txt
writing entry points to ../../build/project_one/project_one.egg-info/entry_points.txt
writing requirements to ../../build/project_one/project_one.egg-info/requires.txt
writing top-level names to ../../build/project_one/project_one.egg-info/top_level.txt
reading manifest file '../../build/project_one/project_one.egg-info/SOURCES.txt'
writing manifest file '../../build/project_one/project_one.egg-info/SOURCES.txt'
running build
running build_py
copying project_one/bump_and_go.py -> /home/calpoly/gobilda/gobilda_ws/build/project_one/build/lib/project_one
running install
running install_lib
copying /home/calpoly/gobilda/gobilda_ws/build/project_one/build/lib/project_one/bump_and_go.py -> /home/calpoly/gobilda/gobilda_ws/install/project_one/lib/python3.10/site-packages/project_one
byte-compiling /home/calpoly/gobilda/gobilda_ws/install/project_one/lib/python3.10/site-packages/project_one/bump_and_go.py to bump_and_go.cpython-310.pyc
running install_data
running install_egg_info
removing '/home/calpoly/gobilda/gobilda_ws/install/project_one/lib/python3.10/site-packages/project_one-0.0.0-py3.10.egg-info' (and everything under it)
Copying ../../build/project_one/project_one.egg-info to /home/calpoly/gobilda/gobilda_ws/install/project_one/lib/python3.10/site-packages/project_one-0.0.0-py3.10.egg-info
running install_scripts
Installing bump_and_go script to /home/calpoly/gobilda/gobilda_ws/install/project_one/lib/project_one
writing list of installed files to '/home/calpoly/gobilda/gobilda_ws/build/project_one/install.log'
