running egg_info
writing ../../build/project1/project1.egg-info/PKG-INFO
writing dependency_links to ../../build/project1/project1.egg-info/dependency_links.txt
writing entry points to ../../build/project1/project1.egg-info/entry_points.txt
writing requirements to ../../build/project1/project1.egg-info/requires.txt
writing top-level names to ../../build/project1/project1.egg-info/top_level.txt
reading manifest file '../../build/project1/project1.egg-info/SOURCES.txt'
writing manifest file '../../build/project1/project1.egg-info/SOURCES.txt'
running build
running build_py
running install
running install_lib
byte-compiling /home/calpoly/gobilda/gobilda_ws/install/project1/lib/python3.10/site-packages/project1/__init__.py to __init__.cpython-310.pyc
byte-compiling /home/calpoly/gobilda/gobilda_ws/install/project1/lib/python3.10/site-packages/project1/roomba.py to roomba.cpython-310.pyc
running install_data
running install_egg_info
removing '/home/calpoly/gobilda/gobilda_ws/install/project1/lib/python3.10/site-packages/project1-0.0.0-py3.10.egg-info' (and everything under it)
Copying ../../build/project1/project1.egg-info to /home/calpoly/gobilda/gobilda_ws/install/project1/lib/python3.10/site-packages/project1-0.0.0-py3.10.egg-info
running install_scripts
Installing roomba script to /home/calpoly/gobilda/gobilda_ws/install/project1/lib/project1
writing list of installed files to '/home/calpoly/gobilda/gobilda_ws/build/project1/install.log'
